1680789372401	geckodriver	INFO	Listening on 127.0.0.1:53601
1680789789605	geckodriver	INFO	Listening on 127.0.0.1:53659
1680791472089	geckodriver	INFO	Listening on 127.0.0.1:53779
1680796213589	geckodriver	INFO	Listening on 127.0.0.1:54262
1680796216622	mozrunner::runner	INFO	Running command: "C:\\Program Files\\Mozilla Firefox\\firefox.exe" "--marionette" "--no-sandbox" "--disable-xss-auditor" "--d ... 63" "--remote-allow-hosts" "localhost" "-no-remote" "-profile" "C:\\Users\\R324\\AppData\\Local\\Temp\\rust_mozprofile6qm3hF"
console.warn: services.settings: Ignoring preference override of remote settings server
console.warn: services.settings: Allow by setting MOZ_REMOTE_SETTINGS_DEVTOOLS=1 in the environment
1680796216919	Marionette	INFO	Marionette enabled
Dynamically enable window occlusion 0
1680796216925	Marionette	INFO	Listening on port 54273
Read port: 54273
console.error: "Warning: unrecognized command line flag -no-sandbox\n"
console.error: "Warning: unrecognized command line flag -disable-web-security\n"
console.error: "Warning: unrecognized command line flag -log-level\n"
console.error: "Warning: unrecognized command line flag -disable-notifications\n"
WebDriver BiDi listening on ws://127.0.0.1:54263
1680796217482	RemoteAgent	WARN	TLS certificate errors will be ignored for this session
console.warn: SearchSettings: "get: No settings file exists, new profile?" (new NotFoundError("Could not open the file at C:\\Users\\R324\\AppData\\Local\\Temp\\rust_mozprofile6qm3hF\\search.json.mozlz4", (void 0)))
DevTools listening on ws://127.0.0.1:54263/devtools/browser/ed38d966-ede8-49c2-b026-0c582a49e024
1680796229883	Marionette	INFO	Stopped listening on port 54273
Dynamically enable window occlusion 1
1680798477712	geckodriver	INFO	Listening on 127.0.0.1:55489
1680798480778	mozrunner::runner	INFO	Running command: "C:\\Program Files\\Mozilla Firefox\\firefox.exe" "--marionette" "--no-sandbox" "--disable-xss-auditor" "--d ... 90" "--remote-allow-hosts" "localhost" "-no-remote" "-profile" "C:\\Users\\R324\\AppData\\Local\\Temp\\rust_mozprofileqjX7Z5"
console.warn: services.settings: Ignoring preference override of remote settings server
console.warn: services.settings: Allow by setting MOZ_REMOTE_SETTINGS_DEVTOOLS=1 in the environment
1680798481031	Marionette	INFO	Marionette enabled
Dynamically enable window occlusion 0
1680798481035	Marionette	INFO	Listening on port 55501
console.error: "Warning: unrecognized command line flag -no-sandbox\n"
console.error: "Warning: unrecognized command line flag -disable-web-security\n"
console.error: "Warning: unrecognized command line flag -log-level\n"
console.error: "Warning: unrecognized command line flag -disable-notifications\n"
WebDriver BiDi listening on ws://127.0.0.1:55490
Read port: 55501
1680798481267	RemoteAgent	WARN	TLS certificate errors will be ignored for this session
console.warn: SearchSettings: "get: No settings file exists, new profile?" (new NotFoundError("Could not open the file at C:\\Users\\R324\\AppData\\Local\\Temp\\rust_mozprofileqjX7Z5\\search.json.mozlz4", (void 0)))
DevTools listening on ws://127.0.0.1:55490/devtools/browser/2fa18c4e-bde0-4c38-8f0b-b0fb1042060b
JavaScript warning: https://www.kijiji.ca/t-login.html, line 1: WEBGL_debug_renderer_info is deprecated in Firefox and will be removed. Please use RENDERER.
1680798674012	Marionette	INFO	Stopped listening on port 55501
Dynamically enable window occlusion 1
1680798693988	geckodriver	INFO	Listening on 127.0.0.1:55647
1680798697033	mozrunner::runner	INFO	Running command: "C:\\Program Files\\Mozilla Firefox\\firefox.exe" "--marionette" "--no-sandbox" "--disable-xss-auditor" "--d ... 48" "--remote-allow-hosts" "localhost" "-no-remote" "-profile" "C:\\Users\\R324\\AppData\\Local\\Temp\\rust_mozprofileTtdlOM"
console.warn: services.settings: Ignoring preference override of remote settings server
console.warn: services.settings: Allow by setting MOZ_REMOTE_SETTINGS_DEVTOOLS=1 in the environment
1680798697269	Marionette	INFO	Marionette enabled
Dynamically enable window occlusion 0
1680798697274	Marionette	INFO	Listening on port 55659
console.error: "Warning: unrecognized command line flag -no-sandbox\n"
console.error: "Warning: unrecognized command line flag -disable-web-security\n"
console.error: "Warning: unrecognized command line flag -log-level\n"
console.error: "Warning: unrecognized command line flag -disable-notifications\n"
WebDriver BiDi listening on ws://127.0.0.1:55648
Read port: 55659
1680798697500	RemoteAgent	WARN	TLS certificate errors will be ignored for this session
console.warn: SearchSettings: "get: No settings file exists, new profile?" (new NotFoundError("Could not open the file at C:\\Users\\R324\\AppData\\Local\\Temp\\rust_mozprofileTtdlOM\\search.json.mozlz4", (void 0)))
DevTools listening on ws://127.0.0.1:55648/devtools/browser/daeae894-ead2-429a-adc3-e0635cd5f87c
JavaScript warning: https://ca.classistatic.com/service-static/frontend-service/2.f4c5731f.js, line 1: unreachable code after return statement
SourceActor threw an exception: [Exception... "Failed to open input source 'javascript:false'"  nsresult: "0x80040111 (NS_ERROR_NOT_AVAILABLE)"  location: "JS frame :: resource://devtools/shared/DevToolsUtils.js :: mainThreadFetch/< :: line 663"  data: yes]
Stack: mainThreadFetch/<@resource://devtools/shared/DevToolsUtils.js:663:15
mainThreadFetch@resource://devtools/shared/DevToolsUtils.js:516:10
_fetchURLContents@resource://devtools/server/actors/utils/sources-manager.js:446:22
urlContents@resource://devtools/server/actors/utils/sources-manager.js:410:17
_resurrectSource@resource://devtools/server/actors/thread.js:2142:35
addAllSources@resource://devtools/server/actors/thread.js:1474:14
watch@resource://devtools/server/actors/resources/sources.js:78:17
watchResources@resource://devtools/server/actors/resources/index.js:312:19
addSessionDataEntry@resource://devtools/server/actors/targets/session-data-processors/resources.js:11:21
addSessionDataEntry@resource://devtools/server/actors/targets/base-target-actor.js:41:23
_addSessionDataEntry@resource://devtools/server/connectors/js-window-actor/DevToolsFrameChild.sys.mjs:528:24
receiveMessage@resource://devtools/server/connectors/js-window-actor/DevToolsFrameChild.sys.mjs:437:21
Line: 663, column: 0
console.error: ({})
JavaScript error: resource://devtools/shared/DevToolsUtils.js, line 663: NS_ERROR_NOT_AVAILABLE: Failed to open input source 'javascript:false'
Handler function threw an exception: TypeError: browsingContext.currentWindowGlobal is null
Stack: isChannelFromSystemPrincipal@resource://devtools/shared/network-observer/NetworkUtils.sys.mjs:91:1
createNetworkEvent@resource://devtools/shared/network-observer/NetworkUtils.sys.mjs:179:33
#createNetworkEvent@resource://devtools/shared/network-observer/NetworkObserver.sys.mjs:696:37
#onRequestHeader@resource://devtools/shared/network-observer/NetworkObserver.sys.mjs:746:29
@resource://devtools/shared/network-observer/NetworkObserver.sys.mjs:616:28
makeInfallible/<@resource://devtools/shared/DevToolsInfaillibleUtils.sys.mjs:43:22
Line: 91, column: 1
console.error: (new TypeError("browsingContext.currentWindowGlobal is null", "resource://devtools/shared/network-observer/NetworkUtils.sys.mjs", 91))
Handler function threw an exception: TypeError: httpActivity.owner is null
Stack: #onResponseHeader@resource://devtools/shared/network-observer/NetworkObserver.sys.mjs:1043:5
#dispatchActivity@resource://devtools/shared/network-observer/NetworkObserver.sys.mjs:537:31
@resource://devtools/shared/network-observer/NetworkObserver.sys.mjs:646:29
makeInfallible/<@resource://devtools/shared/DevToolsInfaillibleUtils.sys.mjs:43:22
Line: 1043, column: 5
console.error: (new TypeError("httpActivity.owner is null", "resource://devtools/shared/network-observer/NetworkObserver.sys.mjs", 1043))
Handler function threw an exception: TypeError: browsingContext.currentWindowGlobal is null
Stack: isChannelFromSystemPrincipal@resource://devtools/shared/network-observer/NetworkUtils.sys.mjs:91:1
createNetworkEvent@resource://devtools/shared/network-observer/NetworkUtils.sys.mjs:179:33
#createNetworkEvent@resource://devtools/shared/network-observer/NetworkObserver.sys.mjs:696:37
@resource://devtools/shared/network-observer/NetworkObserver.sys.mjs:327:33
makeInfallible/<@resource://devtools/shared/DevToolsInfaillibleUtils.sys.mjs:43:22
Line: 91, column: 1
console.error: (new TypeError("browsingContext.currentWindowGlobal is null", "resource://devtools/shared/network-observer/NetworkUtils.sys.mjs", 91))
JavaScript error: resource://gre/modules/AsyncShutdown.sys.mjs, line 576: NotFoundError: No such JSWindowActor 'DevToolsFrame'
JavaScript error: resource://gre/modules/AsyncShutdown.sys.mjs, line 576: NotFoundError: No such JSWindowActor 'DevToolsFrame'
JavaScript error: resource://gre/modules/AsyncShutdown.sys.mjs, line 576: NotFoundError: No such JSWindowActor 'DevToolsFrame'
JavaScript error: resource://gre/modules/AsyncShutdown.sys.mjs, line 576: NotFoundError: No such JSWindowActor 'DevToolsFrame'
JavaScript error: resource://gre/modules/AsyncShutdown.sys.mjs, line 576: NotFoundError: No such JSWindowActor 'DevToolsFrame'
1680799012985	Marionette	INFO	Stopped listening on port 55659
Dynamically enable window occlusion 1
1680799168768	geckodriver	INFO	Listening on 127.0.0.1:56012
1680799171825	mozrunner::runner	INFO	Running command: "C:\\Program Files\\Mozilla Firefox\\firefox.exe" "--marionette" "--no-sandbox" "--disable-xss-auditor" "--d ... 13" "--remote-allow-hosts" "localhost" "-no-remote" "-profile" "C:\\Users\\R324\\AppData\\Local\\Temp\\rust_mozprofileho4ZYK"
console.warn: services.settings: Ignoring preference override of remote settings server
console.warn: services.settings: Allow by setting MOZ_REMOTE_SETTINGS_DEVTOOLS=1 in the environment
1680799172076	Marionette	INFO	Marionette enabled
Dynamically enable window occlusion 0
1680799172079	Marionette	INFO	Listening on port 56023
console.error: "Warning: unrecognized command line flag -no-sandbox\n"
console.error: "Warning: unrecognized command line flag -disable-web-security\n"
console.error: "Warning: unrecognized command line flag -log-level\n"
console.error: "Warning: unrecognized command line flag -disable-notifications\n"
WebDriver BiDi listening on ws://127.0.0.1:56013
Read port: 56023
1680799172326	RemoteAgent	WARN	TLS certificate errors will be ignored for this session
console.warn: SearchSettings: "get: No settings file exists, new profile?" (new NotFoundError("Could not open the file at C:\\Users\\R324\\AppData\\Local\\Temp\\rust_mozprofileho4ZYK\\search.json.mozlz4", (void 0)))
DevTools listening on ws://127.0.0.1:56013/devtools/browser/5d8ad980-6593-4297-803a-a166aacd51a4
JavaScript warning: https://ca.classistatic.com/service-static/frontend-service/2.f4c5731f.js, line 1: unreachable code after return statement
1680799203925	Marionette	INFO	Stopped listening on port 56023
Dynamically enable window occlusion 1
WARNING: A blocker encountered an error while we were waiting.
          Blocker:  Waiting for ping task
          Phase: TelemetryController: Waiting for pending ping activity
          State: (none)
WARNING: Error: Phase "profile-before-change" is finished, it is too late to register completion condition "OS.File: flush I/O queued before profileBeforeChange"
WARNING: addBlocker@resource://gre/modules/AsyncShutdown.sys.mjs:727:15
addBlocker@resource://gre/modules/AsyncShutdown.sys.mjs:523:26
addBlocker@resource://gre/modules/AsyncShutdown.sys.mjs:458:15
setupShutdown@resource://gre/modules/osfile/osfile_async_front.jsm:1548:28
@resource://gre/modules/osfile/osfile_async_front.jsm:1568:16
@resource://gre/modules/osfile.jsm:12:30
@resource://gre/modules/TelemetryStorage.sys.mjs:10:28
_checkPendingPings@resource://gre/modules/TelemetrySend.sys.mjs:863:17
setup@resource://gre/modules/TelemetrySend.sys.mjs:803:18
setup@resource://gre/modules/TelemetrySend.sys.mjs:241:30
setupTelemetry/this._delayedInitTask<@resource://gre/modules/TelemetryControllerParent.sys.mjs:828:36
observe@resource://gre/modules/AsyncShutdown.sys.mjs:576:16

console.error: "TelemetryScheduler.shutdown - Already shut down"
WARNING: A blocker encountered an error while we were waiting.
          Blocker:  Waiting for ping task
          Phase: TelemetryController: Waiting for pending ping activity
          State: (none)
WARNING: Error: Phase "profile-before-change" is finished, it is too late to register completion condition "OS.File: flush I/O queued before profileBeforeChange"
WARNING: addBlocker@resource://gre/modules/AsyncShutdown.sys.mjs:727:15
addBlocker@resource://gre/modules/AsyncShutdown.sys.mjs:523:26
addBlocker@resource://gre/modules/AsyncShutdown.sys.mjs:458:15
setupShutdown@resource://gre/modules/osfile/osfile_async_front.jsm:1548:28
@resource://gre/modules/osfile/osfile_async_front.jsm:1568:16
@resource://gre/modules/osfile.jsm:12:30
@resource://gre/modules/TelemetryStorage.sys.mjs:10:28
_checkPendingPings@resource://gre/modules/TelemetrySend.sys.mjs:863:17
setup@resource://gre/modules/TelemetrySend.sys.mjs:803:18
setup@resource://gre/modules/TelemetrySend.sys.mjs:241:30
setupTelemetry/this._delayedInitTask<@resource://gre/modules/TelemetryControllerParent.sys.mjs:828:36
observe@resource://gre/modules/AsyncShutdown.sys.mjs:576:16

WARNING: A blocker encountered an error while we were waiting.
          Blocker:  Waiting for ping task
          Phase: TelemetryController: Waiting for pending ping activity
          State: (none)
WARNING: Error: Phase "profile-before-change" is finished, it is too late to register completion condition "OS.File: flush I/O queued before profileBeforeChange"
WARNING: addBlocker@resource://gre/modules/AsyncShutdown.sys.mjs:727:15
addBlocker@resource://gre/modules/AsyncShutdown.sys.mjs:523:26
addBlocker@resource://gre/modules/AsyncShutdown.sys.mjs:458:15
setupShutdown@resource://gre/modules/osfile/osfile_async_front.jsm:1548:28
@resource://gre/modules/osfile/osfile_async_front.jsm:1568:16
@resource://gre/modules/osfile.jsm:12:30
@resource://gre/modules/TelemetryStorage.sys.mjs:10:28
_checkPendingPings@resource://gre/modules/TelemetrySend.sys.mjs:863:17
setup@resource://gre/modules/TelemetrySend.sys.mjs:803:18
setup@resource://gre/modules/TelemetrySend.sys.mjs:241:30
setupTelemetry/this._delayedInitTask<@resource://gre/modules/TelemetryControllerParent.sys.mjs:828:36
observe@resource://gre/modules/AsyncShutdown.sys.mjs:576:16

WARNING: A blocker encountered an error while we were waiting.
          Blocker:  TelemetryController: shutting down
          Phase: profile-before-change-telemetry
          State: Error getting state: Error: Phase "profile-before-change" is finished, it is too late to register completion condition "OS.File: flush I/O queued before profileBeforeChange" at addBlocker@resource://gre/modules/AsyncShutdown.sys.mjs:727:15
addBlocker@resource://gre/modules/AsyncShutdown.sys.mjs:523:26
addBlocker@resource://gre/modules/AsyncShutdown.sys.mjs:458:15
setupShutdown@resource://gre/modules/osfile/osfile_async_front.jsm:1548:28
@resource://gre/modules/osfile/osfile_async_front.jsm:1568:16
@resource://gre/modules/osfile.jsm:12:30
@resource://gre/modules/TelemetryStorage.sys.mjs:10:28
_checkPendingPings@resource://gre/modules/TelemetrySend.sys.mjs:863:17
setup@resource://gre/modules/TelemetrySend.sys.mjs:803:18
setup@resource://gre/modules/TelemetrySend.sys.mjs:241:30
setupTelemetry/this._delayedInitTask<@resource://gre/modules/TelemetryControllerParent.sys.mjs:828:36
observe@resource://gre/modules/AsyncShutdown.sys.mjs:576:16

WARNING: Error: Phase "profile-before-change" is finished, it is too late to register completion condition "OS.File: flush I/O queued before profileBeforeChange"
WARNING: addBlocker@resource://gre/modules/AsyncShutdown.sys.mjs:727:15
addBlocker@resource://gre/modules/AsyncShutdown.sys.mjs:523:26
addBlocker@resource://gre/modules/AsyncShutdown.sys.mjs:458:15
setupShutdown@resource://gre/modules/osfile/osfile_async_front.jsm:1548:28
@resource://gre/modules/osfile/osfile_async_front.jsm:1568:16
@resource://gre/modules/osfile.jsm:12:30
@resource://gre/modules/TelemetryStorage.sys.mjs:10:28
_checkPendingPings@resource://gre/modules/TelemetrySend.sys.mjs:863:17
setup@resource://gre/modules/TelemetrySend.sys.mjs:803:18
setup@resource://gre/modules/TelemetrySend.sys.mjs:241:30
setupTelemetry/this._delayedInitTask<@resource://gre/modules/TelemetryControllerParent.sys.mjs:828:36
observe@resource://gre/modules/AsyncShutdown.sys.mjs:576:16

JavaScript error: resource://gre/modules/AsyncShutdown.sys.mjs, line 727: Error: Phase "profile-before-change" is finished, it is too late to register completion condition "OS.File: flush I/O queued before profileBeforeChange"
JavaScript error: resource://gre/modules/AsyncShutdown.sys.mjs, line 727: Error: Phase "profile-before-change" is finished, it is too late to register completion condition "OS.File: flush I/O queued before profileBeforeChange"
JavaScript error: resource://gre/modules/AsyncShutdown.sys.mjs, line 727: Error: Phase "profile-before-change" is finished, it is too late to register completion condition "OS.File: flush I/O queued before profileBeforeChange"
JavaScript error: resource://gre/modules/AsyncShutdown.sys.mjs, line 727: Error: Phase "profile-before-change" is finished, it is too late to register completion condition "OS.File: flush I/O queued before profileBeforeChange"
JavaScript error: resource://gre/modules/AsyncShutdown.sys.mjs, line 727: Error: Phase "profile-before-change" is finished, it is too late to register completion condition "OS.File: flush I/O queued before profileBeforeChange"
JavaScript error: resource://gre/modules/AsyncShutdown.sys.mjs, line 727: Error: Phase "profile-before-change" is finished, it is too late to register completion condition "OS.File: flush I/O queued before profileBeforeChange"
1680799208057	geckodriver	INFO	Listening on 127.0.0.1:56142
1680799211097	mozrunner::runner	INFO	Running command: "C:\\Program Files\\Mozilla Firefox\\firefox.exe" "--marionette" "--no-sandbox" "--disable-xss-auditor" "--d ... 43" "--remote-allow-hosts" "localhost" "-no-remote" "-profile" "C:\\Users\\R324\\AppData\\Local\\Temp\\rust_mozprofileJvqvz4"
console.warn: services.settings: Ignoring preference override of remote settings server
console.warn: services.settings: Allow by setting MOZ_REMOTE_SETTINGS_DEVTOOLS=1 in the environment
1680799211372	Marionette	INFO	Marionette enabled
Dynamically enable window occlusion 0
1680799211377	Marionette	INFO	Listening on port 56154
console.error: "Warning: unrecognized command line flag -no-sandbox\n"
console.error: "Warning: unrecognized command line flag -disable-web-security\n"
console.error: "Warning: unrecognized command line flag -log-level\n"
console.error: "Warning: unrecognized command line flag -disable-notifications\n"
Read port: 56154
WebDriver BiDi listening on ws://127.0.0.1:56143
1680799211485	RemoteAgent	WARN	TLS certificate errors will be ignored for this session
console.warn: SearchSettings: "get: No settings file exists, new profile?" (new NotFoundError("Could not open the file at C:\\Users\\R324\\AppData\\Local\\Temp\\rust_mozprofileJvqvz4\\search.json.mozlz4", (void 0)))
DevTools listening on ws://127.0.0.1:56143/devtools/browser/a940ab36-4f8b-49d0-b959-4d0da53e0f9c
JavaScript warning: https://ca.classistatic.com/service-static/frontend-service/2.f4c5731f.js, line 1: unreachable code after return statement
1680799780214	Marionette	INFO	Stopped listening on port 56154
Dynamically enable window occlusion 1
ng command: "C:\\Program Files\\Mozilla Firefox\\firefox.exe" "--marionette" "--no-sandbox" "--disable-xss-auditor" "--d ... 27" "--remote-allow-hosts" "localhost" "-no-remote" "-profile" "C:\\Users\\R324\\AppData\\Local\\Temp\\rust_mozprofileSmBoWa"
console.warn: services.settings: Ignoring preference override of remote settings server
console.warn: services.settings: Allow by setting MOZ_REMOTE_SETTINGS_DEVTOOLS=1 in the environment
1680799699773	Marionette	INFO	Marionette enabled
Dynamically enable window occlusion 0
1680799699777	Marionette	INFO	Listening on port 56537
console.error: "Warning: unrecognized command line flag -no-sandbox\n"
console.error: "Warning: unrecognized command line flag -disable-web-security\n"
console.error: "Warning: unrecognized command line flag -log-level\n"
console.error: "Warning: unrecognized command line flag -disable-notifications\n"
WebDriver BiDi listening on ws://127.0.0.1:56527
Read port: 56537
1680799700005	RemoteAgent	WARN	TLS certificate errors will be ignored for this session
console.warn: SearchSettings: "get: No settings file exists, new profile?" (new NotFoundError("Could not open the file at C:\\Users\\R324\\AppData\\Local\\Temp\\rust_mozprofileSmBoWa\\search.json.mozlz4", (void 0)))
DevTools listening on ws://127.0.0.1:56527/devtools/browser/85e3a763-b982-4cbe-a65a-a1e6b101cfdc
JavaScript warning: https://ca.classistatic.com/service-static/frontend-service/2.f4c5731f.js, line 1: unreachable code after return statement
JavaScript warning: https://www.kijiji.ca/t-login.html, line 1: WEBGL_debug_renderer_info is deprecated in Firefox and will be removed. Please use RENDERER.
JavaScript warning: https://www.kijiji.ca/t-login.html, line 1: WEBGL_debug_renderer_info is deprecated in Firefox and will be removed. Please use RENDERER.
JavaScript warning: https://www.kijiji.ca/t-login.html, line 1: WEBGL_debug_renderer_info is deprecated in Firefox and will be removed. Please use RENDERER.
JavaScript warning: https://www.kijiji.ca/t-login.html, line 1: WEBGL_debug_renderer_info is deprecated in Firefox and will be removed. Please use RENDERER.
JavaScript warning: https://www.kijiji.ca/t-login.html, line 1: WEBGL_debug_renderer_info is deprecated in Firefox and will be removed. Please use RENDERER.
JavaScript warning: https://www.kijiji.ca/t-login.html, line 1: WEBGL_debug_renderer_info is deprecated in Firefox and will be removed. Please use RENDERER.
JavaScript warning: https://www.kijiji.ca/t-login.html, line 1: WEBGL_debug_renderer_info is deprecated in Firefox and will be removed. Please use RENDERER.
JavaScript warning: https://www.kijiji.ca/t-login.html, line 1: WEBGL_debug_renderer_info is deprecated in Firefox and will be removed. Please use RENDERER.
1680799781635	Marionette	INFO	Stopped listening on port 56537
Dynamically enable window occlusion 1
[Parent 12744, IPC I/O Parent] WARNING: DuplicateHandle failed for handle 0 in TransferHandles: file /builds/worker/checkouts/gecko/ipc/chromium/src/chrome/common/ipc_channel_win.cc:777
1680799784720	geckodriver	INFO	Listening on 127.0.0.1:56677
1680799787783	mozrunner::runner	INFO	Running command: "C:\\Program Files\\Mozilla Firefox\\firefox.exe" "--marionette" "--no-sandbox" "--disable-xss-auditor" "--d ... 78" "--remote-allow-hosts" "localhost" "-no-remote" "-profile" "C:\\Users\\R324\\AppData\\Local\\Temp\\rust_mozprofilef5TCrE"
console.warn: services.settings: Ignoring preference override of remote settings server
console.warn: services.settings: Allow by setting MOZ_REMOTE_SETTINGS_DEVTOOLS=1 in the environment
1680799788084	Marionette	INFO	Marionette enabled
Dynamically enable window occlusion 0
1680799788090	Marionette	INFO	Listening on port 56689
Read port: 56689
console.error: "Warning: unrecognized command line flag -no-sandbox\n"
console.error: "Warning: unrecognized command line flag -disable-web-security\n"
console.error: "Warning: unrecognized command line flag -log-level\n"
console.error: "Warning: unrecognized command line flag -disable-notifications\n"
WebDriver BiDi listening on ws://127.0.0.1:56678
1680799788201	RemoteAgent	WARN	TLS certificate errors will be ignored for this session
console.warn: SearchSettings: "get: No settings file exists, new profile?" (new NotFoundError("Could not open the file at C:\\Users\\R324\\AppData\\Local\\Temp\\rust_mozprofilef5TCrE\\search.json.mozlz4", (void 0)))
DevTools listening on ws://127.0.0.1:56678/devtools/browser/cb1845ec-f2ef-4724-a43e-c998ad032f34
JavaScript warning: https://ca.classistatic.com/service-static/frontend-service/2.f4c5731f.js, line 1: unreachable code after return statement
JavaScript warning: https://www.kijiji.ca/t-login.html, line 1: WEBGL_debug_renderer_info is deprecated in Firefox and will be removed. Please use RENDERER.
JavaScript warning: https://www.kijiji.ca/t-login.html, line 1: WEBGL_debug_renderer_info is deprecated in Firefox and will be removed. Please use RENDERER.
JavaScript warning: https://www.kijiji.ca/t-login.html, line 1: WEBGL_debug_renderer_info is deprecated in Firefox and will be removed. Please use RENDERER.
JavaScript warning: https://ca.classistatic.com/service-static/frontend-service/2.f4c5731f.js, line 1: unreachable code after return statement
JavaScript warning: https://www.kijiji.ca/t-login.html, line 1: WEBGL_debug_renderer_info is deprecated in Firefox and will be removed. Please use RENDERER.
JavaScript warning: https://www.kijiji.ca/t-login.html, line 1: WEBGL_debug_renderer_info is deprecated in Firefox and will be removed. Please use RENDERER.
JavaScript warning: https://ca.classistatic.com/service-static/frontend-service/2.f4c5731f.js, line 1: unreachable code after return statement
JavaScript warning: https://www.kijiji.ca/t-login.html?targetUrl=L3Atc2VsZWN0LWNhdGVnb3J5Lmh0bWw/XnIrUFRKMS9oU1cxc29PdXAxbjUveFE9PQ--, line 1: WEBGL_debug_renderer_info is deprecated in Firefox and will be removed. Please use RENDERER.
1680799859488	Marionette	INFO	Stopped listening on port 56689
Dynamically enable window occlusion 1
1680800165382	geckodriver	INFO	Listening on 127.0.0.1:57054
1680800185277	geckodriver	INFO	Listening on 127.0.0.1:57078
1680800188320	mozrunner::runner	INFO	Running command: "C:\\Program Files\\Mozilla Firefox\\firefox.exe" "--marionette" "--no-sandbox" "--disable-xss-auditor" "--d ... 79" "--remote-allow-hosts" "localhost" "-no-remote" "-profile" "C:\\Users\\R324\\AppData\\Local\\Temp\\rust_mozprofileEXeLB7"
console.warn: services.settings: Ignoring preference override of remote settings server
console.warn: services.settings: Allow by setting MOZ_REMOTE_SETTINGS_DEVTOOLS=1 in the environment
1680800188545	Marionette	INFO	Marionette enabled
Dynamically enable window occlusion 0
1680800188549	Marionette	INFO	Listening on port 57088
console.error: "Warning: unrecognized command line flag -no-sandbox\n"
console.error: "Warning: unrecognized command line flag -disable-web-security\n"
console.error: "Warning: unrecognized command line flag -log-level\n"
console.error: "Warning: unrecognized command line flag -disable-notifications\n"
WebDriver BiDi listening on ws://127.0.0.1:57079
Read port: 57088
1680800188817	RemoteAgent	WARN	TLS certificate errors will be ignored for this session
console.warn: SearchSettings: "get: No settings file exists, new profile?" (new NotFoundError("Could not open the file at C:\\Users\\R324\\AppData\\Local\\Temp\\rust_mozprofileEXeLB7\\search.json.mozlz4", (void 0)))
DevTools listening on ws://127.0.0.1:57079/devtools/browser/f4240a0d-2bda-4f7a-98d7-fcbeb81c9848
JavaScript warning: https://ca.classistatic.com/service-static/frontend-service/2.f4c5731f.js, line 1: unreachable code after return statement
JavaScript warning: https://www.kijiji.ca/t-login.html, line 1: WEBGL_debug_renderer_info is deprecated in Firefox and will be removed. Please use RENDERER.
1680800214635	Marionette	INFO	Stopped listening on port 57088
Dynamically enable window occlusion 1
1680800216076	geckodriver	INFO	Listening on 127.0.0.1:57218
1680800219113	mozrunner::runner	INFO	Running command: "C:\\Program Files\\Mozilla Firefox\\firefox.exe" "--marionette" "--no-sandbox" "--disable-xss-auditor" "--d ... 19" "--remote-allow-hosts" "localhost" "-no-remote" "-profile" "C:\\Users\\R324\\AppData\\Local\\Temp\\rust_mozprofileZqBUOg"
console.warn: services.settings: Ignoring preference override of remote settings server
console.warn: services.settings: Allow by setting MOZ_REMOTE_SETTINGS_DEVTOOLS=1 in the environment
1680800219394	Marionette	INFO	Marionette enabled
Dynamically enable window occlusion 0
1680800219398	Marionette	INFO	Listening on port 57230
console.error: "Warning: unrecognized command line flag -no-sandbox\n"
console.error: "Warning: unrecognized command line flag -disable-web-security\n"
console.error: "Warning: unrecognized command line flag -log-level\n"
console.error: "Warning: unrecognized command line flag -disable-notifications\n"
Read port: 57230
WebDriver BiDi listening on ws://127.0.0.1:57219
1680800219517	RemoteAgent	WARN	TLS certificate errors will be ignored for this session
console.warn: SearchSettings: "get: No settings file exists, new profile?" (new NotFoundError("Could not open the file at C:\\Users\\R324\\AppData\\Local\\Temp\\rust_mozprofileZqBUOg\\search.json.mozlz4", (void 0)))
DevTools listening on ws://127.0.0.1:57219/devtools/browser/2f52fc62-0be0-40d0-8c57-10d466761f58
JavaScript warning: https://ca.classistatic.com/service-static/frontend-service/2.f4c5731f.js, line 1: unreachable code after return statement
JavaScript warning: https://www.kijiji.ca/t-login.html, line 1: WEBGL_debug_renderer_info is deprecated in Firefox and will be removed. Please use RENDERER.
JavaScript error: , line 0: NS_ERROR_NOT_AVAILABLE
1680801929692	Marionette	INFO	Stopped listening on port 57230
Dynamically enable window occlusion 1
efox.exe" "--marionette" "--no-sandbox" "--disable-xss-auditor" "--d ... 37" "--remote-allow-hosts" "localhost" "-no-remote" "-profile" "C:\\Users\\R324\\AppData\\Local\\Temp\\rust_mozprofileP72NWO"
console.warn: services.settings: Ignoring preference override of remote settings server
console.warn: services.settings: Allow by setting MOZ_REMOTE_SETTINGS_DEVTOOLS=1 in the environment
1680800524592	Marionette	INFO	Marionette enabled
Dynamically enable window occlusion 0
1680800524597	Marionette	INFO	Listening on port 57547
console.error: "Warning: unrecognized command line flag -no-sandbox\n"
console.error: "Warning: unrecognized command line flag -disable-web-security\n"
console.error: "Warning: unrecognized command line flag -log-level\n"
console.error: "Warning: unrecognized command line flag -disable-notifications\n"
WebDriver BiDi listening on ws://127.0.0.1:57537
Read port: 57547
1680800524830	RemoteAgent	WARN	TLS certificate errors will be ignored for this session
console.warn: SearchSettings: "get: No settings file exists, new profile?" (new NotFoundError("Could not open the file at C:\\Users\\R324\\AppData\\Local\\Temp\\rust_mozprofileP72NWO\\search.json.mozlz4", (void 0)))
DevTools listening on ws://127.0.0.1:57537/devtools/browser/d32949f1-5279-47e9-914e-5128fcfe7588
JavaScript warning: https://ca.classistatic.com/service-static/frontend-service/2.f4c5731f.js, line 1: unreachable code after return statement
JavaScript warning: https://www.kijiji.ca/t-login.html, line 1: WEBGL_debug_renderer_info is deprecated in Firefox and will be removed. Please use RENDERER.
JavaScript error: , line 0: NS_ERROR_NOT_AVAILABLE
JavaScript error: resource://gre/modules/AsyncShutdown.sys.mjs, line 576: NotFoundError: No such JSWindowActor 'DevToolsFrame'
1680801529285	Marionette	INFO	Stopped listening on port 57547
Dynamically enable window occlusion 1
rofile" "C:\\Users\\R324\\AppData\\Local\\Temp\\rust_mozprofileCB8lpM"
console.warn: services.settings: Ignoring preference override of remote settings server
console.warn: services.settings: Allow by setting MOZ_REMOTE_SETTINGS_DEVTOOLS=1 in the environment
1680801243833	Marionette	INFO	Marionette enabled
Dynamically enable window occlusion 0
1680801243838	Marionette	INFO	Listening on port 58086
console.error: "Warning: unrecognized command line flag -no-sandbox\n"
console.error: "Warning: unrecognized command line flag -disable-web-security\n"
console.error: "Warning: unrecognized command line flag -log-level\n"
console.error: "Warning: unrecognized command line flag -disable-notifications\n"
WebDriver BiDi listening on ws://127.0.0.1:58075
Read port: 58086
1680801244075	RemoteAgent	WARN	TLS certificate errors will be ignored for this session
console.warn: SearchSettings: "get: No settings file exists, new profile?" (new NotFoundError("Could not open the file at C:\\Users\\R324\\AppData\\Local\\Temp\\rust_mozprofileCB8lpM\\search.json.mozlz4", (void 0)))
DevTools listening on ws://127.0.0.1:58075/devtools/browser/1e57e34e-00b6-48d3-80af-35646fbb78d5
JavaScript warning: https://ca.classistatic.com/service-static/frontend-service/2.f4c5731f.js, line 1: unreachable code after return statement
JavaScript warning: https://www.kijiji.ca/t-login.html, line 1: WEBGL_debug_renderer_info is deprecated in Firefox and will be removed. Please use RENDERER.
1680801527489	Marionette	INFO	Stopped listening on port 58086
Dynamically enable window occlusion 1
1680801556642	geckodriver	INFO	Listening on 127.0.0.1:58330
1680801559693	mozrunner::runner	INFO	Running command: "C:\\Program Files\\Mozilla Firefox\\firefox.exe" "--marionette" "--no-sandbox" "--disable-xss-auditor" "--d ... 31" "--remote-allow-hosts" "localhost" "-no-remote" "-profile" "C:\\Users\\R324\\AppData\\Local\\Temp\\rust_mozprofileWUBP9M"
console.warn: services.settings: Ignoring preference override of remote settings server
console.warn: services.settings: Allow by setting MOZ_REMOTE_SETTINGS_DEVTOOLS=1 in the environment
1680801559966	Marionette	INFO	Marionette enabled
Dynamically enable window occlusion 0
1680801559972	Marionette	INFO	Listening on port 58341
console.error: "Warning: unrecognized command line flag -no-sandbox\n"
console.error: "Warning: unrecognized command line flag -disable-web-security\n"
console.error: "Warning: unrecognized command line flag -log-level\n"
console.error: "Warning: unrecognized command line flag -disable-notifications\n"
Read port: 58341
WebDriver BiDi listening on ws://127.0.0.1:58331
1680801560093	RemoteAgent	WARN	TLS certificate errors will be ignored for this session
console.warn: SearchSettings: "get: No settings file exists, new profile?" (new NotFoundError("Could not open the file at C:\\Users\\R324\\AppData\\Local\\Temp\\rust_mozprofileWUBP9M\\search.json.mozlz4", (void 0)))
DevTools listening on ws://127.0.0.1:58331/devtools/browser/b0575058-fe24-4531-9c29-ea88380a6be8
JavaScript warning: https://ca.classistatic.com/service-static/frontend-service/2.f4c5731f.js, line 1: unreachable code after return statement
JavaScript warning: https://www.kijiji.ca/t-login.html, line 1: WEBGL_debug_renderer_info is deprecated in Firefox and will be removed. Please use RENDERER.
1680801929689	Marionette	INFO	Stopped listening on port 58341
Dynamically enable window occlusion 1
1680802213793	geckodriver	INFO	Listening on 127.0.0.1:58709
1680802216856	mozrunner::runner	INFO	Running command: "C:\\Program Files\\Mozilla Firefox\\firefox.exe" "--marionette" "--no-sandbox" "--disable-xss-auditor" "--d ... 10" "--remote-allow-hosts" "localhost" "-no-remote" "-profile" "C:\\Users\\R324\\AppData\\Local\\Temp\\rust_mozprofilexjWEEd"
console.warn: services.settings: Ignoring preference override of remote settings server
console.warn: services.settings: Allow by setting MOZ_REMOTE_SETTINGS_DEVTOOLS=1 in the environment
1680802217124	Marionette	INFO	Marionette enabled
Dynamically enable window occlusion 0
1680802217129	Marionette	INFO	Listening on port 58720
console.error: "Warning: unrecognized command line flag -no-sandbox\n"
console.error: "Warning: unrecognized command line flag -disable-web-security\n"
console.error: "Warning: unrecognized command line flag -log-level\n"
console.error: "Warning: unrecognized command line flag -disable-notifications\n"
console.error: "Warning: unrecognized command line flag -start-maximized\n"
Read port: 58720
WebDriver BiDi listening on ws://127.0.0.1:58710
1680802217253	RemoteAgent	WARN	TLS certificate errors will be ignored for this session
console.warn: SearchSettings: "get: No settings file exists, new profile?" (new NotFoundError("Could not open the file at C:\\Users\\R324\\AppData\\Local\\Temp\\rust_mozprofilexjWEEd\\search.json.mozlz4", (void 0)))
DevTools listening on ws://127.0.0.1:58710/devtools/browser/1e3e0db6-c477-4abb-ab1e-94fbfe4855d2
JavaScript warning: https://ca.classistatic.com/service-static/frontend-service/2.f4c5731f.js, line 1: unreachable code after return statement
JavaScript warning: https://www.kijiji.ca/t-login.html, line 1: WEBGL_debug_renderer_info is deprecated in Firefox and will be removed. Please use RENDERER.
JavaScript warning: https://www.kijiji.ca/t-login.html, line 1: WEBGL_debug_renderer_info is deprecated in Firefox and will be removed. Please use RENDERER.
JavaScript warning: https://ca.classistatic.com/service-static/frontend-service/2.f4c5731f.js, line 1: unreachable code after return statement
JavaScript warning: https://www.kijiji.ca/t-login.html, line 1: WEBGL_debug_renderer_info is deprecated in Firefox and will be removed. Please use RENDERER.
JavaScript warning: https://www.kijiji.ca/t-login.html, line 1: WEBGL_debug_renderer_info is deprecated in Firefox and will be removed. Please use RENDERER.
1680802641434	Marionette	INFO	Stopped listening on port 58720
Dynamically enable window occlusion 1
1680802658618	geckodriver	INFO	Listening on 127.0.0.1:58920
1680802661665	mozrunner::runner	INFO	Running command: "C:\\Program Files\\Mozilla Firefox\\firefox.exe" "--marionette" "--no-sandbox" "--disable-xss-auditor" "--d ... 21" "--remote-allow-hosts" "localhost" "-no-remote" "-profile" "C:\\Users\\R324\\AppData\\Local\\Temp\\rust_mozprofileuji6X6"
console.warn: services.settings: Ignoring preference override of remote settings server
console.warn: services.settings: Allow by setting MOZ_REMOTE_SETTINGS_DEVTOOLS=1 in the environment
1680802661897	Marionette	INFO	Marionette enabled
Dynamically enable window occlusion 0
1680802661901	Marionette	INFO	Listening on port 58930
console.error: "Warning: unrecognized command line flag -no-sandbox\n"
console.error: "Warning: unrecognized command line flag -disable-web-security\n"
console.error: "Warning: unrecognized command line flag -log-level\n"
console.error: "Warning: unrecognized command line flag -disable-notifications\n"
console.error: "Warning: unrecognized command line flag -disable-blink-features\n"
WebDriver BiDi listening on ws://127.0.0.1:58921
Read port: 58930
1680802662160	RemoteAgent	WARN	TLS certificate errors will be ignored for this session
console.warn: SearchSettings: "get: No settings file exists, new profile?" (new NotFoundError("Could not open the file at C:\\Users\\R324\\AppData\\Local\\Temp\\rust_mozprofileuji6X6\\search.json.mozlz4", (void 0)))
DevTools listening on ws://127.0.0.1:58921/devtools/browser/59ec4cfb-08a3-4e60-8b96-be5d8799d50f
JavaScript warning: https://ca.classistatic.com/service-static/frontend-service/2.f4c5731f.js, line 1: unreachable code after return statement
JavaScript warning: https://www.kijiji.ca/t-login.html, line 1: WEBGL_debug_renderer_info is deprecated in Firefox and will be removed. Please use RENDERER.
JavaScript warning: https://www.kijiji.ca/t-login.html, line 1: WEBGL_debug_renderer_info is deprecated in Firefox and will be removed. Please use RENDERER.
1680802741724	Marionette	INFO	Stopped listening on port 58930
Dynamically enable window occlusion 1
1680802743189	geckodriver	INFO	Listening on 127.0.0.1:59039
1680802746230	mozrunner::runner	INFO	Running command: "C:\\Program Files\\Mozilla Firefox\\firefox.exe" "--marionette" "--no-sandbox" "--disable-xss-auditor" "--d ... 40" "--remote-allow-hosts" "localhost" "-no-remote" "-profile" "C:\\Users\\R324\\AppData\\Local\\Temp\\rust_mozprofileHcF7x1"
console.warn: services.settings: Ignoring preference override of remote settings server
console.warn: services.settings: Allow by setting MOZ_REMOTE_SETTINGS_DEVTOOLS=1 in the environment
1680802746479	Marionette	INFO	Marionette enabled
Dynamically enable window occlusion 0
1680802746484	Marionette	INFO	Listening on port 59049
console.error: "Warning: unrecognized command line flag -no-sandbox\n"
console.error: "Warning: unrecognized command line flag -disable-web-security\n"
console.error: "Warning: unrecognized command line flag -log-level\n"
console.error: "Warning: unrecognized command line flag -disable-notifications\n"
console.error: "Warning: unrecognized command line flag -disable-blink-features\n"
Read port: 59049
WebDriver BiDi listening on ws://127.0.0.1:59040
1680802746595	RemoteAgent	WARN	TLS certificate errors will be ignored for this session
console.warn: SearchSettings: "get: No settings file exists, new profile?" (new NotFoundError("Could not open the file at C:\\Users\\R324\\AppData\\Local\\Temp\\rust_mozprofileHcF7x1\\search.json.mozlz4", (void 0)))
DevTools listening on ws://127.0.0.1:59040/devtools/browser/f02cc9bc-dd8b-4f40-834a-14428cda262c
JavaScript warning: https://ca.classistatic.com/service-static/frontend-service/2.f4c5731f.js, line 1: unreachable code after return statement
JavaScript warning: https://www.kijiji.ca/t-login.html, line 1: WEBGL_debug_renderer_info is deprecated in Firefox and will be removed. Please use RENDERER.
JavaScript error: resource://gre/modules/XULStore.jsm, line 58: Error: Can't find profile directory.
JavaScript error: resource://gre/modules/XULStore.jsm, line 58: Error: Can't find profile directory.
JavaScript warning: https://www.kijiji.ca/t-login.html, line 1: WEBGL_debug_renderer_info is deprecated in Firefox and will be removed. Please use RENDERER.
JavaScript warning: https://ca.classistatic.com/service-static/frontend-service/2.f4c5731f.js, line 1: unreachable code after return statement
JavaScript warning: https://ca.classistatic.com/service-static/frontend-service/2.f4c5731f.js, line 1: unreachable code after return statement
JavaScript warning: https://www.kijiji.ca/t-login.html?targetUrl=L2Vycm9yLzQwNC5odG1sXm1SKzdXeGhQQzVhRWFJMFZBUkozeVE9PQ--, line 1: WEBGL_debug_renderer_info is deprecated in Firefox and will be removed. Please use RENDERER.
JavaScript warning: https://www.kijiji.ca/t-login.html?targetUrl=L2Vycm9yLzQwNC5odG1sXm1SKzdXeGhQQzVhRWFJMFZBUkozeVE9PQ--, line 1: WEBGL_debug_renderer_info is deprecated in Firefox and will be removed. Please use RENDERER.
JavaScript warning: https://www.kijiji.ca/t-login.html?targetUrl=L2Vycm9yLzQwNC5odG1sXm1SKzdXeGhQQzVhRWFJMFZBUkozeVE9PQ--, line 1: WEBGL_debug_renderer_info is deprecated in Firefox and will be removed. Please use RENDERER.
JavaScript warning: https://www.kijiji.ca/t-login.html?targetUrl=L2Vycm9yLzQwNC5odG1sXm1SKzdXeGhQQzVhRWFJMFZBUkozeVE9PQ--, line 1: WEBGL_debug_renderer_info is deprecated in Firefox and will be removed. Please use RENDERER.
JavaScript warning: https://www.kijiji.ca/t-login.html?targetUrl=L2Vycm9yLzQwNC5odG1sXm1SKzdXeGhQQzVhRWFJMFZBUkozeVE9PQ--, line 1: WEBGL_debug_renderer_info is deprecated in Firefox and will be removed. Please use RENDERER.
JavaScript warning: https://www.kijiji.ca/t-login.html?targetUrl=L2Vycm9yLzQwNC5odG1sXm1SKzdXeGhQQzVhRWFJMFZBUkozeVE9PQ--, line 1: WEBGL_debug_renderer_info is deprecated in Firefox and will be removed. Please use RENDERER.
JavaScript warning: https://www.kijiji.ca/t-login.html?targetUrl=L2Vycm9yLzQwNC5odG1sXm1SKzdXeGhQQzVhRWFJMFZBUkozeVE9PQ--, line 1: WEBGL_debug_renderer_info is deprecated in Firefox and will be removed. Please use RENDERER.
JavaScript warning: https://www.kijiji.ca/t-login.html?targetUrl=L2Vycm9yLzQwNC5odG1sXm1SKzdXeGhQQzVhRWFJMFZBUkozeVE9PQ--, line 1: WEBGL_debug_renderer_info is deprecated in Firefox and will be removed. Please use RENDERER.
JavaScript warning: https://www.kijiji.ca/t-login.html?targetUrl=L2Vycm9yLzQwNC5odG1sXm1SKzdXeGhQQzVhRWFJMFZBUkozeVE9PQ--, line 1: WEBGL_debug_renderer_info is deprecated in Firefox and will be removed. Please use RENDERER.
JavaScript warning: https://www.kijiji.ca/t-login.html?targetUrl=L2Vycm9yLzQwNC5odG1sXm1SKzdXeGhQQzVhRWFJMFZBUkozeVE9PQ--, line 1: WEBGL_debug_renderer_info is deprecated in Firefox and will be removed. Please use RENDERER.
JavaScript warning: https://www.kijiji.ca/t-login.html?targetUrl=L2Vycm9yLzQwNC5odG1sXm1SKzdXeGhQQzVhRWFJMFZBUkozeVE9PQ--, line 1: WEBGL_debug_renderer_info is deprecated in Firefox and will be removed. Please use RENDERER.
JavaScript warning: https://ca.classistatic.com/service-static/frontend-service/2.f4c5731f.js, line 1: unreachable code after return statement
JavaScript warning: https://ca.classistatic.com/service-static/frontend-service/2.f4c5731f.js, line 1: unreachable code after return statement
JavaScript warning: https://ca.classistatic.com/service-static/frontend-service/2.f4c5731f.js, line 1: unreachable code after return statement
JavaScript warning: https://pagead2.googlesyndication.com/bg/Bo5p8DbEpWqq_61_uCYPeBu7T3aczz0WnYolkwB_A5I.js line 2 > eval line 1886 > eval line 1 > eval line 1 > eval, line 1: WEBGL_debug_renderer_info is deprecated in Firefox and will be removed. Please use RENDERER.
JavaScript warning: https://pagead2.googlesyndication.com/bg/Bo5p8DbEpWqq_61_uCYPeBu7T3aczz0WnYolkwB_A5I.js line 2 > eval line 2207 > eval line 1 > eval line 1 > eval, line 1: WEBGL_debug_renderer_info is deprecated in Firefox and will be removed. Please use RENDERER.
JavaScript warning: https://www.kijiji.ca/t-login.html?targetUrl=L2gtaGFtaWx0b24vODAwMTReMStuekxaZVl1WDdMK3R1Yk1KcDVFZz09, line 1: WEBGL_debug_renderer_info is deprecated in Firefox and will be removed. Please use RENDERER.
JavaScript error: , line 0: TypeError: NetworkError when attempting to fetch resource.
console.error: "Tried to call unwatchFronts for the 'accessibility' type on an already destroyed front 'windowGlobalTarget'."
console.error: "Unable to find target with innerWindowId:6442451002"
JavaScript warning: https://www.kijiji.ca/t-login.html?targetUrl=L2gtaGFtaWx0b24vODAwMTReMStuekxaZVl1WDdMK3R1Yk1KcDVFZz09, line 1: WEBGL_debug_renderer_info is deprecated in Firefox and will be removed. Please use RENDERER.
console.warn: "Listener for event 'frame' did not return a promise."
JavaScript error: , line 0: NotFoundError: No such JSWindowActor 'DevToolsFrame'
JavaScript warning: https://www.kijiji.ca/t-login.html?targetUrl=L2gtaGFtaWx0b24vODAwMTReMStuekxaZVl1WDdMK3R1Yk1KcDVFZz09, line 1: WEBGL_debug_renderer_info is deprecated in Firefox and will be removed. Please use RENDERER.
1680804075821	geckodriver	INFO	Listening on 127.0.0.1:49684
1680804078857	mozrunner::runner	INFO	Running command: "C:\\Program Files\\Mozilla Firefox\\firefox.exe" "--marionette" "--no-sandbox" "--disable-xss-auditor" "--d ... 85" "--remote-allow-hosts" "localhost" "-no-remote" "-profile" "C:\\Users\\R324\\AppData\\Local\\Temp\\rust_mozprofileb0NWGG"
console.warn: services.settings: Ignoring preference override of remote settings server
console.warn: services.settings: Allow by setting MOZ_REMOTE_SETTINGS_DEVTOOLS=1 in the environment
1680804079129	Marionette	INFO	Marionette enabled
Dynamically enable window occlusion 0
1680804079134	Marionette	INFO	Listening on port 49694
console.error: "Warning: unrecognized command line flag -no-sandbox\n"
console.error: "Warning: unrecognized command line flag -disable-web-security\n"
console.error: "Warning: unrecognized command line flag -log-level\n"
console.error: "Warning: unrecognized command line flag -disable-notifications\n"
Read port: 49694
JavaScript error: resource://gre/modules/URIFixup.sys.mjs, line 458: NS_ERROR_MALFORMED_URI: Couldn't build a valid uri
console.error: ({})
JavaScript error: resource://gre/modules/URIFixup.sys.mjs, line 458: NS_ERROR_MALFORMED_URI: Couldn't build a valid uri
console.error: ({})
WebDriver BiDi listening on ws://127.0.0.1:49685
1680804079253	RemoteAgent	WARN	TLS certificate errors will be ignored for this session
console.warn: SearchSettings: "get: No settings file exists, new profile?" (new NotFoundError("Could not open the file at C:\\Users\\R324\\AppData\\Local\\Temp\\rust_mozprofileb0NWGG\\search.json.mozlz4", (void 0)))
DevTools listening on ws://127.0.0.1:49685/devtools/browser/53b50825-b9a6-4d7d-9018-97b52a81ad8a
JavaScript warning: https://ca.classistatic.com/service-static/frontend-service/2.f4c5731f.js, line 1: unreachable code after return statement
JavaScript warning: https://www.kijiji.ca/t-login.html, line 1: WEBGL_debug_renderer_info is deprecated in Firefox and will be removed. Please use RENDERER.
JavaScript warning: https://www.kijiji.ca/t-login.html, line 1: WEBGL_debug_renderer_info is deprecated in Firefox and will be removed. Please use RENDERER.
1680804637509	Marionette	INFO	Stopped listening on port 49694
Dynamically enable window occlusion 1
1680804752393	geckodriver	INFO	Listening on 127.0.0.1:49856
1680804755450	mozrunner::runner	INFO	Running command: "C:\\Program Files\\Mozilla Firefox\\firefox.exe" "--marionette" "--no-sandbox" "--disable-xss-auditor" "--d ... 57" "--remote-allow-hosts" "localhost" "-no-remote" "-profile" "C:\\Users\\R324\\AppData\\Local\\Temp\\rust_mozprofilehX1pVV"
console.warn: services.settings: Ignoring preference override of remote settings server
console.warn: services.settings: Allow by setting MOZ_REMOTE_SETTINGS_DEVTOOLS=1 in the environment
1680804755790	Marionette	INFO	Marionette enabled
Dynamically enable window occlusion 0
1680804755796	Marionette	INFO	Listening on port 49866
console.error: "Warning: unrecognized command line flag -no-sandbox\n"
console.error: "Warning: unrecognized command line flag -disable-web-security\n"
console.error: "Warning: unrecognized command line flag -log-level\n"
console.error: "Warning: unrecognized command line flag -disable-notifications\n"
console.error: "Warning: unrecognized command line flag -disable-gpu\n"
console.error: "Warning: unrecognized command line flag -disable-extensions\n"
Read port: 49866
WebDriver BiDi listening on ws://127.0.0.1:49857
1680804755948	RemoteAgent	WARN	TLS certificate errors will be ignored for this session
console.warn: SearchSettings: "get: No settings file exists, new profile?" (new NotFoundError("Could not open the file at C:\\Users\\R324\\AppData\\Local\\Temp\\rust_mozprofilehX1pVV\\search.json.mozlz4", (void 0)))
DevTools listening on ws://127.0.0.1:49857/devtools/browser/5feb0279-e3cf-4b2f-828d-5edac42c319f
JavaScript warning: https://ca.classistatic.com/service-static/frontend-service/2.f4c5731f.js, line 1: unreachable code after return statement
JavaScript warning: https://www.kijiji.ca/t-login.html, line 1: WEBGL_debug_renderer_info is deprecated in Firefox and will be removed. Please use RENDERER.
1680804772427	Marionette	INFO	Stopped listening on port 49866
Dynamically enable window occlusion 1
WARNING: A blocker encountered an error while we were waiting.
          Blocker:  Waiting for ping task
          Phase: TelemetryController: Waiting for pending ping activity
          State: (none)
WARNING: Error: Phase "profile-before-change" is finished, it is too late to register completion condition "OS.File: flush I/O queued before profileBeforeChange"
WARNING: addBlocker@resource://gre/modules/AsyncShutdown.sys.mjs:727:15
addBlocker@resource://gre/modules/AsyncShutdown.sys.mjs:523:26
addBlocker@resource://gre/modules/AsyncShutdown.sys.mjs:458:15
setupShutdown@resource://gre/modules/osfile/osfile_async_front.jsm:1548:28
@resource://gre/modules/osfile/osfile_async_front.jsm:1568:16
@resource://gre/modules/osfile.jsm:12:30
@resource://gre/modules/TelemetryStorage.sys.mjs:10:28
_checkPendingPings@resource://gre/modules/TelemetrySend.sys.mjs:863:17
setup@resource://gre/modules/TelemetrySend.sys.mjs:803:18
setup@resource://gre/modules/TelemetrySend.sys.mjs:241:30
setupTelemetry/this._delayedInitTask<@resource://gre/modules/TelemetryControllerParent.sys.mjs:828:36
observe@resource://gre/modules/AsyncShutdown.sys.mjs:576:16

console.error: "TelemetryScheduler.shutdown - Already shut down"
WARNING: A blocker encountered an error while we were waiting.
          Blocker:  Waiting for ping task
          Phase: TelemetryController: Waiting for pending ping activity
          State: (none)
WARNING: Error: Phase "profile-before-change" is finished, it is too late to register completion condition "OS.File: flush I/O queued before profileBeforeChange"
WARNING: addBlocker@resource://gre/modules/AsyncShutdown.sys.mjs:727:15
addBlocker@resource://gre/modules/AsyncShutdown.sys.mjs:523:26
addBlocker@resource://gre/modules/AsyncShutdown.sys.mjs:458:15
setupShutdown@resource://gre/modules/osfile/osfile_async_front.jsm:1548:28
@resource://gre/modules/osfile/osfile_async_front.jsm:1568:16
@resource://gre/modules/osfile.jsm:12:30
@resource://gre/modules/TelemetryStorage.sys.mjs:10:28
_checkPendingPings@resource://gre/modules/TelemetrySend.sys.mjs:863:17
setup@resource://gre/modules/TelemetrySend.sys.mjs:803:18
setup@resource://gre/modules/TelemetrySend.sys.mjs:241:30
setupTelemetry/this._delayedInitTask<@resource://gre/modules/TelemetryControllerParent.sys.mjs:828:36
observe@resource://gre/modules/AsyncShutdown.sys.mjs:576:16

WARNING: A blocker encountered an error while we were waiting.
          Blocker:  Waiting for ping task
          Phase: TelemetryController: Waiting for pending ping activity
          State: (none)
WARNING: Error: Phase "profile-before-change" is finished, it is too late to register completion condition "OS.File: flush I/O queued before profileBeforeChange"
WARNING: addBlocker@resource://gre/modules/AsyncShutdown.sys.mjs:727:15
addBlocker@resource://gre/modules/AsyncShutdown.sys.mjs:523:26
addBlocker@resource://gre/modules/AsyncShutdown.sys.mjs:458:15
setupShutdown@resource://gre/modules/osfile/osfile_async_front.jsm:1548:28
@resource://gre/modules/osfile/osfile_async_front.jsm:1568:16
@resource://gre/modules/osfile.jsm:12:30
@resource://gre/modules/TelemetryStorage.sys.mjs:10:28
_checkPendingPings@resource://gre/modules/TelemetrySend.sys.mjs:863:17
setup@resource://gre/modules/TelemetrySend.sys.mjs:803:18
setup@resource://gre/modules/TelemetrySend.sys.mjs:241:30
setupTelemetry/this._delayedInitTask<@resource://gre/modules/TelemetryControllerParent.sys.mjs:828:36
observe@resource://gre/modules/AsyncShutdown.sys.mjs:576:16

WARNING: A blocker encountered an error while we were waiting.
          Blocker:  TelemetryController: shutting down
          Phase: profile-before-change-telemetry
          State: Error getting state: Error: Phase "profile-before-change" is finished, it is too late to register completion condition "OS.File: flush I/O queued before profileBeforeChange" at addBlocker@resource://gre/modules/AsyncShutdown.sys.mjs:727:15
addBlocker@resource://gre/modules/AsyncShutdown.sys.mjs:523:26
addBlocker@resource://gre/modules/AsyncShutdown.sys.mjs:458:15
setupShutdown@resource://gre/modules/osfile/osfile_async_front.jsm:1548:28
@resource://gre/modules/osfile/osfile_async_front.jsm:1568:16
@resource://gre/modules/osfile.jsm:12:30
@resource://gre/modules/TelemetryStorage.sys.mjs:10:28
_checkPendingPings@resource://gre/modules/TelemetrySend.sys.mjs:863:17
setup@resource://gre/modules/TelemetrySend.sys.mjs:803:18
setup@resource://gre/modules/TelemetrySend.sys.mjs:241:30
setupTelemetry/this._delayedInitTask<@resource://gre/modules/TelemetryControllerParent.sys.mjs:828:36
observe@resource://gre/modules/AsyncShutdown.sys.mjs:576:16

WARNING: Error: Phase "profile-before-change" is finished, it is too late to register completion condition "OS.File: flush I/O queued before profileBeforeChange"
WARNING: addBlocker@resource://gre/modules/AsyncShutdown.sys.mjs:727:15
addBlocker@resource://gre/modules/AsyncShutdown.sys.mjs:523:26
addBlocker@resource://gre/modules/AsyncShutdown.sys.mjs:458:15
setupShutdown@resource://gre/modules/osfile/osfile_async_front.jsm:1548:28
@resource://gre/modules/osfile/osfile_async_front.jsm:1568:16
@resource://gre/modules/osfile.jsm:12:30
@resource://gre/modules/TelemetryStorage.sys.mjs:10:28
_checkPendingPings@resource://gre/modules/TelemetrySend.sys.mjs:863:17
setup@resource://gre/modules/TelemetrySend.sys.mjs:803:18
setup@resource://gre/modules/TelemetrySend.sys.mjs:241:30
setupTelemetry/this._delayedInitTask<@resource://gre/modules/TelemetryControllerParent.sys.mjs:828:36
observe@resource://gre/modules/AsyncShutdown.sys.mjs:576:16

JavaScript error: resource://gre/modules/AsyncShutdown.sys.mjs, line 727: Error: Phase "profile-before-change" is finished, it is too late to register completion condition "OS.File: flush I/O queued before profileBeforeChange"
JavaScript error: resource://gre/modules/AsyncShutdown.sys.mjs, line 727: Error: Phase "profile-before-change" is finished, it is too late to register completion condition "OS.File: flush I/O queued before profileBeforeChange"
JavaScript error: resource://gre/modules/AsyncShutdown.sys.mjs, line 727: Error: Phase "profile-before-change" is finished, it is too late to register completion condition "OS.File: flush I/O queued before profileBeforeChange"
JavaScript error: resource://gre/modules/AsyncShutdown.sys.mjs, line 727: Error: Phase "profile-before-change" is finished, it is too late to register completion condition "OS.File: flush I/O queued before profileBeforeChange"
JavaScript error: resource://gre/modules/AsyncShutdown.sys.mjs, line 727: Error: Phase "profile-before-change" is finished, it is too late to register completion condition "OS.File: flush I/O queued before profileBeforeChange"
JavaScript error: resource://gre/modules/AsyncShutdown.sys.mjs, line 727: Error: Phase "profile-before-change" is finished, it is too late to register completion condition "OS.File: flush I/O queued before profileBeforeChange"
1680804810268	geckodriver	INFO	Listening on 127.0.0.1:49967
1680804813320	mozrunner::runner	INFO	Running command: "C:\\Program Files\\Mozilla Firefox\\firefox.exe" "--marionette" "--no-sandbox" "--disable-xss-auditor" "--d ... 68" "--remote-allow-hosts" "localhost" "-no-remote" "-profile" "C:\\Users\\R324\\AppData\\Local\\Temp\\rust_mozprofilemw0Yz5"
console.warn: services.settings: Ignoring preference override of remote settings server
console.warn: services.settings: Allow by setting MOZ_REMOTE_SETTINGS_DEVTOOLS=1 in the environment
1680804813602	Marionette	INFO	Marionette enabled
Dynamically enable window occlusion 0
1680804813606	Marionette	INFO	Listening on port 49977
console.error: "Warning: unrecognized command line flag -no-sandbox\n"
console.error: "Warning: unrecognized command line flag -disable-web-security\n"
console.error: "Warning: unrecognized command line flag -log-level\n"
console.error: "Warning: unrecognized command line flag -disable-notifications\n"
console.error: "Warning: unrecognized command line flag -disable-gpu\n"
console.error: "Warning: unrecognized command line flag -start-maximized\n"
Read port: 49977
WebDriver BiDi listening on ws://127.0.0.1:49968
1680804813733	RemoteAgent	WARN	TLS certificate errors will be ignored for this session
console.warn: SearchSettings: "get: No settings file exists, new profile?" (new NotFoundError("Could not open the file at C:\\Users\\R324\\AppData\\Local\\Temp\\rust_mozprofilemw0Yz5\\search.json.mozlz4", (void 0)))
DevTools listening on ws://127.0.0.1:49968/devtools/browser/ddd4f983-fb8b-4465-9b63-58d9c31170e1
JavaScript warning: https://ca.classistatic.com/service-static/frontend-service/2.f4c5731f.js, line 1: unreachable code after return statement
JavaScript warning: https://www.kijiji.ca/t-login.html, line 1: WEBGL_debug_renderer_info is deprecated in Firefox and will be removed. Please use RENDERER.
JavaScript warning: https://www.kijiji.ca/t-login.html?test=test, line 1: WEBGL_debug_renderer_info is deprecated in Firefox and will be removed. Please use RENDERER.
JavaScript warning: https://www.kijiji.ca/t-login.html?test=test, line 1: WEBGL_debug_renderer_info is deprecated in Firefox and will be removed. Please use RENDERER.
JavaScript error: chrome://browser/content/parent/ext-tabs.js, line 468: TypeError: tab is undefined
1680804944150	Marionette	INFO	Stopped listening on port 49977
Dynamically enable window occlusion 1
[Parent 19780, IPC I/O Parent] WARNING: DuplicateHandle failed for handle 0 in TransferHandles: file /builds/worker/checkouts/gecko/ipc/chromium/src/chrome/common/ipc_channel_win.cc:777
1680805734633	geckodriver	INFO	Listening on 127.0.0.1:50453
1680805737672	mozrunner::runner	INFO	Running command: "C:\\Program Files\\Mozilla Firefox\\firefox.exe" "--marionette" "--no-sandbox" "--disable-xss-auditor" "--d ... 54" "--remote-allow-hosts" "localhost" "-no-remote" "-profile" "C:\\Users\\R324\\AppData\\Local\\Temp\\rust_mozprofilekyNowA"
console.warn: services.settings: Ignoring preference override of remote settings server
console.warn: services.settings: Allow by setting MOZ_REMOTE_SETTINGS_DEVTOOLS=1 in the environment
1680805737926	Marionette	INFO	Marionette enabled
Dynamically enable window occlusion 0
1680805737931	Marionette	INFO	Listening on port 50463
console.error: "Warning: unrecognized command line flag -no-sandbox\n"
console.error: "Warning: unrecognized command line flag -disable-web-security\n"
console.error: "Warning: unrecognized command line flag -log-level\n"
console.error: "Warning: unrecognized command line flag -disable-notifications\n"
console.error: "Warning: unrecognized command line flag -disable-gpu\n"
console.error: "Warning: unrecognized command line flag -start-maximized\n"
Read port: 50463
WebDriver BiDi listening on ws://127.0.0.1:50454
1680805738048	RemoteAgent	WARN	TLS certificate errors will be ignored for this session
console.warn: SearchSettings: "get: No settings file exists, new profile?" (new NotFoundError("Could not open the file at C:\\Users\\R324\\AppData\\Local\\Temp\\rust_mozprofilekyNowA\\search.json.mozlz4", (void 0)))
DevTools listening on ws://127.0.0.1:50454/devtools/browser/684e7913-cffa-4c1e-a9e2-1bcbb599c9d2
JavaScript warning: https://ca.classistatic.com/service-static/frontend-service/2.f4c5731f.js, line 1: unreachable code after return statement
JavaScript warning: https://www.kijiji.ca/t-login.html, line 1: WEBGL_debug_renderer_info is deprecated in Firefox and will be removed. Please use RENDERER.
1680805763447	Marionette	INFO	Stopped listening on port 50463
Dynamically enable window occlusion 1
WARNING: A blocker encountered an error while we were waiting.
          Blocker:  Waiting for ping task
          Phase: TelemetryController: Waiting for pending ping activity
          State: (none)
WARNING: Error: Phase "profile-before-change" is finished, it is too late to register completion condition "OS.File: flush I/O queued before profileBeforeChange"
WARNING: addBlocker@resource://gre/modules/AsyncShutdown.sys.mjs:727:15
addBlocker@resource://gre/modules/AsyncShutdown.sys.mjs:523:26
addBlocker@resource://gre/modules/AsyncShutdown.sys.mjs:458:15
setupShutdown@resource://gre/modules/osfile/osfile_async_front.jsm:1548:28
@resource://gre/modules/osfile/osfile_async_front.jsm:1568:16
@resource://gre/modules/osfile.jsm:12:30
@resource://gre/modules/TelemetryStorage.sys.mjs:10:28
_checkPendingPings@resource://gre/modules/TelemetrySend.sys.mjs:863:17
setup@resource://gre/modules/TelemetrySend.sys.mjs:803:18
setup@resource://gre/modules/TelemetrySend.sys.mjs:241:30
setupTelemetry/this._delayedInitTask<@resource://gre/modules/TelemetryControllerParent.sys.mjs:828:36
observe@resource://gre/modules/AsyncShutdown.sys.mjs:576:16

console.error: "TelemetryScheduler.shutdown - Already shut down"
WARNING: A blocker encountered an error while we were waiting.
          Blocker:  Waiting for ping task
          Phase: TelemetryController: Waiting for pending ping activity
          State: (none)
WARNING: Error: Phase "profile-before-change" is finished, it is too late to register completion condition "OS.File: flush I/O queued before profileBeforeChange"
WARNING: addBlocker@resource://gre/modules/AsyncShutdown.sys.mjs:727:15
addBlocker@resource://gre/modules/AsyncShutdown.sys.mjs:523:26
addBlocker@resource://gre/modules/AsyncShutdown.sys.mjs:458:15
setupShutdown@resource://gre/modules/osfile/osfile_async_front.jsm:1548:28
@resource://gre/modules/osfile/osfile_async_front.jsm:1568:16
@resource://gre/modules/osfile.jsm:12:30
@resource://gre/modules/TelemetryStorage.sys.mjs:10:28
_checkPendingPings@resource://gre/modules/TelemetrySend.sys.mjs:863:17
setup@resource://gre/modules/TelemetrySend.sys.mjs:803:18
setup@resource://gre/modules/TelemetrySend.sys.mjs:241:30
setupTelemetry/this._delayedInitTask<@resource://gre/modules/TelemetryControllerParent.sys.mjs:828:36
observe@resource://gre/modules/AsyncShutdown.sys.mjs:576:16

WARNING: A blocker encountered an error while we were waiting.
          Blocker:  Waiting for ping task
          Phase: TelemetryController: Waiting for pending ping activity
          State: (none)
WARNING: Error: Phase "profile-before-change" is finished, it is too late to register completion condition "OS.File: flush I/O queued before profileBeforeChange"
WARNING: addBlocker@resource://gre/modules/AsyncShutdown.sys.mjs:727:15
addBlocker@resource://gre/modules/AsyncShutdown.sys.mjs:523:26
addBlocker@resource://gre/modules/AsyncShutdown.sys.mjs:458:15
setupShutdown@resource://gre/modules/osfile/osfile_async_front.jsm:1548:28
@resource://gre/modules/osfile/osfile_async_front.jsm:1568:16
@resource://gre/modules/osfile.jsm:12:30
@resource://gre/modules/TelemetryStorage.sys.mjs:10:28
_checkPendingPings@resource://gre/modules/TelemetrySend.sys.mjs:863:17
setup@resource://gre/modules/TelemetrySend.sys.mjs:803:18
setup@resource://gre/modules/TelemetrySend.sys.mjs:241:30
setupTelemetry/this._delayedInitTask<@resource://gre/modules/TelemetryControllerParent.sys.mjs:828:36
observe@resource://gre/modules/AsyncShutdown.sys.mjs:576:16

WARNING: A blocker encountered an error while we were waiting.
          Blocker:  TelemetryController: shutting down
          Phase: profile-before-change-telemetry
          State: Error getting state: Error: Phase "profile-before-change" is finished, it is too late to register completion condition "OS.File: flush I/O queued before profileBeforeChange" at addBlocker@resource://gre/modules/AsyncShutdown.sys.mjs:727:15
addBlocker@resource://gre/modules/AsyncShutdown.sys.mjs:523:26
addBlocker@resource://gre/modules/AsyncShutdown.sys.mjs:458:15
setupShutdown@resource://gre/modules/osfile/osfile_async_front.jsm:1548:28
@resource://gre/modules/osfile/osfile_async_front.jsm:1568:16
@resource://gre/modules/osfile.jsm:12:30
@resource://gre/modules/TelemetryStorage.sys.mjs:10:28
_checkPendingPings@resource://gre/modules/TelemetrySend.sys.mjs:863:17
setup@resource://gre/modules/TelemetrySend.sys.mjs:803:18
setup@resource://gre/modules/TelemetrySend.sys.mjs:241:30
setupTelemetry/this._delayedInitTask<@resource://gre/modules/TelemetryControllerParent.sys.mjs:828:36
observe@resource://gre/modules/AsyncShutdown.sys.mjs:576:16

WARNING: Error: Phase "profile-before-change" is finished, it is too late to register completion condition "OS.File: flush I/O queued before profileBeforeChange"
WARNING: addBlocker@resource://gre/modules/AsyncShutdown.sys.mjs:727:15
addBlocker@resource://gre/modules/AsyncShutdown.sys.mjs:523:26
addBlocker@resource://gre/modules/AsyncShutdown.sys.mjs:458:15
setupShutdown@resource://gre/modules/osfile/osfile_async_front.jsm:1548:28
@resource://gre/modules/osfile/osfile_async_front.jsm:1568:16
@resource://gre/modules/osfile.jsm:12:30
@resource://gre/modules/TelemetryStorage.sys.mjs:10:28
_checkPendingPings@resource://gre/modules/TelemetrySend.sys.mjs:863:17
setup@resource://gre/modules/TelemetrySend.sys.mjs:803:18
setup@resource://gre/modules/TelemetrySend.sys.mjs:241:30
setupTelemetry/this._delayedInitTask<@resource://gre/modules/TelemetryControllerParent.sys.mjs:828:36
observe@resource://gre/modules/AsyncShutdown.sys.mjs:576:16

JavaScript error: resource://gre/modules/AsyncShutdown.sys.mjs, line 727: Error: Phase "profile-before-change" is finished, it is too late to register completion condition "OS.File: flush I/O queued before profileBeforeChange"
JavaScript error: resource://gre/modules/AsyncShutdown.sys.mjs, line 727: Error: Phase "profile-before-change" is finished, it is too late to register completion condition "OS.File: flush I/O queued before profileBeforeChange"
JavaScript error: resource://gre/modules/AsyncShutdown.sys.mjs, line 727: Error: Phase "profile-before-change" is finished, it is too late to register completion condition "OS.File: flush I/O queued before profileBeforeChange"
JavaScript error: resource://gre/modules/AsyncShutdown.sys.mjs, line 727: Error: Phase "profile-before-change" is finished, it is too late to register completion condition "OS.File: flush I/O queued before profileBeforeChange"
JavaScript error: resource://gre/modules/AsyncShutdown.sys.mjs, line 727: Error: Phase "profile-before-change" is finished, it is too late to register completion condition "OS.File: flush I/O queued before profileBeforeChange"
JavaScript error: resource://gre/modules/AsyncShutdown.sys.mjs, line 727: Error: Phase "profile-before-change" is finished, it is too late to register completion condition "OS.File: flush I/O queued before profileBeforeChange"
1680878350889	geckodriver	INFO	Listening on 127.0.0.1:61481
1680878353913	mozrunner::runner	INFO	Running command: "C:\\Program Files\\Mozilla Firefox\\firefox.exe" "--marionette" "--no-sandbox" "--disable-xss-auditor" "--d ... 82" "--remote-allow-hosts" "localhost" "-no-remote" "-profile" "C:\\Users\\R324\\AppData\\Local\\Temp\\rust_mozprofile6FpEPz"
console.warn: services.settings: Ignoring preference override of remote settings server
console.warn: services.settings: Allow by setting MOZ_REMOTE_SETTINGS_DEVTOOLS=1 in the environment
1680878354278	Marionette	INFO	Marionette enabled
Dynamically enable window occlusion 0
1680878354284	Marionette	INFO	Listening on port 61491
console.error: "Warning: unrecognized command line flag -no-sandbox\n"
console.error: "Warning: unrecognized command line flag -disable-web-security\n"
console.error: "Warning: unrecognized command line flag -log-level\n"
console.error: "Warning: unrecognized command line flag -disable-notifications\n"
console.error: "Warning: unrecognized command line flag -disable-gpu\n"
console.error: "Warning: unrecognized command line flag -start-maximized\n"
Read port: 61491
WebDriver BiDi listening on ws://127.0.0.1:61482
1680878354409	RemoteAgent	WARN	TLS certificate errors will be ignored for this session
console.warn: SearchSettings: "get: No settings file exists, new profile?" (new NotFoundError("Could not open the file at C:\\Users\\R324\\AppData\\Local\\Temp\\rust_mozprofile6FpEPz\\search.json.mozlz4", (void 0)))
DevTools listening on ws://127.0.0.1:61482/devtools/browser/1fcced35-72fa-4418-a684-242af751b67d
JavaScript warning: https://ca.classistatic.com/service-static/frontend-service/2.f4c5731f.js, line 1: unreachable code after return statement
JavaScript warning: https://pagead2.googlesyndication.com/bg/lLwpSR5MnyGzOFtGAuW1fc1OQlo0k-g4ASkZp7pYH4M.js line 2 > eval line 5190 > eval line 1 > eval line 1 > eval, line 1: WEBGL_debug_renderer_info is deprecated in Firefox and will be removed. Please use RENDERER.
JavaScript warning: https://pagead2.googlesyndication.com/bg/lLwpSR5MnyGzOFtGAuW1fc1OQlo0k-g4ASkZp7pYH4M.js line 2 > eval line 2312 > eval line 1 > eval line 1 > eval, line 1: WEBGL_debug_renderer_info is deprecated in Firefox and will be removed. Please use RENDERER.
SourceActor threw an exception: [Exception... "Failed to open input source 'javascript:false'"  nsresult: "0x80040111 (NS_ERROR_NOT_AVAILABLE)"  location: "JS frame :: resource://devtools/shared/DevToolsUtils.js :: mainThreadFetch/< :: line 663"  data: yes]
Stack: mainThreadFetch/<@resource://devtools/shared/DevToolsUtils.js:663:15
mainThreadFetch@resource://devtools/shared/DevToolsUtils.js:516:10
_fetchURLContents@resource://devtools/server/actors/utils/sources-manager.js:446:22
urlContents@resource://devtools/server/actors/utils/sources-manager.js:410:17
_resurrectSource@resource://devtools/server/actors/thread.js:2142:35
addAllSources@resource://devtools/server/actors/thread.js:1474:14
watch@resource://devtools/server/actors/resources/sources.js:78:17
watchResources@resource://devtools/server/actors/resources/index.js:312:19
addSessionDataEntry@resource://devtools/server/actors/targets/session-data-processors/resources.js:11:21
addSessionDataEntry@resource://devtools/server/actors/targets/base-target-actor.js:41:23
_addSessionDataEntry@resource://devtools/server/connectors/js-window-actor/DevToolsFrameChild.sys.mjs:528:24
receiveMessage@resource://devtools/server/connectors/js-window-actor/DevToolsFrameChild.sys.mjs:437:21
Line: 663, column: 0
console.error: ({})
JavaScript error: resource://devtools/shared/DevToolsUtils.js, line 663: NS_ERROR_NOT_AVAILABLE: Failed to open input source 'javascript:false'
console.error: "Unable to find target with innerWindowId:6442450945"
JavaScript warning: https://www.kijiji.ca/t-login.html, line 1: WEBGL_debug_renderer_info is deprecated in Firefox and will be removed. Please use RENDERER.
console.error: "Unable to find target with innerWindowId:6442450945"
Handler function threw an exception: TypeError: browsingContext.currentWindowGlobal is null
Stack: isChannelFromSystemPrincipal@resource://devtools/shared/network-observer/NetworkUtils.sys.mjs:91:1
createNetworkEvent@resource://devtools/shared/network-observer/NetworkUtils.sys.mjs:179:33
#createNetworkEvent@resource://devtools/shared/network-observer/NetworkObserver.sys.mjs:696:37
@resource://devtools/shared/network-observer/NetworkObserver.sys.mjs:327:33
makeInfallible/<@resource://devtools/shared/DevToolsInfaillibleUtils.sys.mjs:43:22
Line: 91, column: 1
console.error: (new TypeError("browsingContext.currentWindowGlobal is null", "resource://devtools/shared/network-observer/NetworkUtils.sys.mjs", 91))
JavaScript error: , line 0: TypeError: NetworkError when attempting to fetch resource.
Handler function threw an exception: TypeError: browsingContext.currentWindowGlobal is null
Stack: isChannelFromSystemPrincipal@resource://devtools/shared/network-observer/NetworkUtils.sys.mjs:91:1
createNetworkEvent@resource://devtools/shared/network-observer/NetworkUtils.sys.mjs:179:33
#createNetworkEvent@resource://devtools/shared/network-observer/NetworkObserver.sys.mjs:696:37
@resource://devtools/shared/network-observer/NetworkObserver.sys.mjs:327:33
makeInfallible/<@resource://devtools/shared/DevToolsInfaillibleUtils.sys.mjs:43:22
Line: 91, column: 1
console.error: (new TypeError("browsingContext.currentWindowGlobal is null", "resource://devtools/shared/network-observer/NetworkUtils.sys.mjs", 91))
Handler function threw an exception: TypeError: browsingContext.currentWindowGlobal is null
Stack: isChannelFromSystemPrincipal@resource://devtools/shared/network-observer/NetworkUtils.sys.mjs:91:1
createNetworkEvent@resource://devtools/shared/network-observer/NetworkUtils.sys.mjs:179:33
#createNetworkEvent@resource://devtools/shared/network-observer/NetworkObserver.sys.mjs:696:37
#onRequestHeader@resource://devtools/shared/network-observer/NetworkObserver.sys.mjs:746:29
@resource://devtools/shared/network-observer/NetworkObserver.sys.mjs:616:28
makeInfallible/<@resource://devtools/shared/DevToolsInfaillibleUtils.sys.mjs:43:22
Line: 91, column: 1
console.error: (new TypeError("browsingContext.currentWindowGlobal is null", "resource://devtools/shared/network-observer/NetworkUtils.sys.mjs", 91))
console.error: "Unable to find target with innerWindowId:6442450945"
console.error: "Unable to find target with innerWindowId:6442450945"
console.error: "Unable to find target with innerWindowId:6442450945"
console.error: "Unable to find target with innerWindowId:6442450945"
Handler function threw an exception: TypeError: httpActivity.owner is null
Stack: #onResponseHeader@resource://devtools/shared/network-observer/NetworkObserver.sys.mjs:1043:5
#dispatchActivity@resource://devtools/shared/network-observer/NetworkObserver.sys.mjs:537:31
@resource://devtools/shared/network-observer/NetworkObserver.sys.mjs:646:29
makeInfallible/<@resource://devtools/shared/DevToolsInfaillibleUtils.sys.mjs:43:22
Line: 1043, column: 5
console.error: (new TypeError("httpActivity.owner is null", "resource://devtools/shared/network-observer/NetworkObserver.sys.mjs", 1043))
Handler function threw an exception: TypeError: browsingContext.currentWindowGlobal is null
Stack: isChannelFromSystemPrincipal@resource://devtools/shared/network-observer/NetworkUtils.sys.mjs:91:1
createNetworkEvent@resource://devtools/shared/network-observer/NetworkUtils.sys.mjs:179:33
#createNetworkEvent@resource://devtools/shared/network-observer/NetworkObserver.sys.mjs:696:37
@resource://devtools/shared/network-observer/NetworkObserver.sys.mjs:327:33
makeInfallible/<@resource://devtools/shared/DevToolsInfaillibleUtils.sys.mjs:43:22
Line: 91, column: 1
console.error: (new TypeError("browsingContext.currentWindowGlobal is null", "resource://devtools/shared/network-observer/NetworkUtils.sys.mjs", 91))
JavaScript warning: https://www.kijiji.ca/t-login.html, line 1: WEBGL_debug_renderer_info is deprecated in Firefox and will be removed. Please use RENDERER.
JavaScript error: , line 0: NS_ERROR_NOT_AVAILABLE
Handler function threw an exception: TypeError: browsingContext.currentWindowGlobal is null
Stack: isChannelFromSystemPrincipal@resource://devtools/shared/network-observer/NetworkUtils.sys.mjs:91:1
createNetworkEvent@resource://devtools/shared/network-observer/NetworkUtils.sys.mjs:179:33
#createNetworkEvent@resource://devtools/shared/network-observer/NetworkObserver.sys.mjs:696:37
#onRequestHeader@resource://devtools/shared/network-observer/NetworkObserver.sys.mjs:746:29
@resource://devtools/shared/network-observer/NetworkObserver.sys.mjs:616:28
makeInfallible/<@resource://devtools/shared/DevToolsInfaillibleUtils.sys.mjs:43:22
Line: 91, column: 1
console.error: (new TypeError("browsingContext.currentWindowGlobal is null", "resource://devtools/shared/network-observer/NetworkUtils.sys.mjs", 91))
Handler function threw an exception: TypeError: httpActivity.owner is null
Stack: #onResponseHeader@resource://devtools/shared/network-observer/NetworkObserver.sys.mjs:1043:5
#dispatchActivity@resource://devtools/shared/network-observer/NetworkObserver.sys.mjs:537:31
@resource://devtools/shared/network-observer/NetworkObserver.sys.mjs:646:29
makeInfallible/<@resource://devtools/shared/DevToolsInfaillibleUtils.sys.mjs:43:22
Line: 1043, column: 5
console.error: (new TypeError("httpActivity.owner is null", "resource://devtools/shared/network-observer/NetworkObserver.sys.mjs", 1043))
Handler function threw an exception: TypeError: browsingContext.currentWindowGlobal is null
Stack: isChannelFromSystemPrincipal@resource://devtools/shared/network-observer/NetworkUtils.sys.mjs:91:1
createNetworkEvent@resource://devtools/shared/network-observer/NetworkUtils.sys.mjs:179:33
#createNetworkEvent@resource://devtools/shared/network-observer/NetworkObserver.sys.mjs:696:37
@resource://devtools/shared/network-observer/NetworkObserver.sys.mjs:327:33
makeInfallible/<@resource://devtools/shared/DevToolsInfaillibleUtils.sys.mjs:43:22
Line: 91, column: 1
console.error: (new TypeError("browsingContext.currentWindowGlobal is null", "resource://devtools/shared/network-observer/NetworkUtils.sys.mjs", 91))
JavaScript warning: https://static.xx.fbcdn.net/rsrc.php/v3iqES4/y0/l/en_US/kzZPEYNmLjz.js?_nc_x=Ij3Wp8lg5Kz, line 20: WEBGL_debug_renderer_info is deprecated in Firefox and will be removed. Please use RENDERER.
JavaScript warning: https://www.kijiji.ca/t-login.html, line 1: WEBGL_debug_renderer_info is deprecated in Firefox and will be removed. Please use RENDERER.
Handler function threw an exception: TypeError: browsingContext.currentWindowGlobal is null
Stack: isChannelFromSystemPrincipal@resource://devtools/shared/network-observer/NetworkUtils.sys.mjs:91:1
createNetworkEvent@resource://devtools/shared/network-observer/NetworkUtils.sys.mjs:179:33
#createNetworkEvent@resource://devtools/shared/network-observer/NetworkObserver.sys.mjs:696:37
#onRequestHeader@resource://devtools/shared/network-observer/NetworkObserver.sys.mjs:746:29
@resource://devtools/shared/network-observer/NetworkObserver.sys.mjs:616:28
makeInfallible/<@resource://devtools/shared/DevToolsInfaillibleUtils.sys.mjs:43:22
Line: 91, column: 1
console.error: (new TypeError("browsingContext.currentWindowGlobal is null", "resource://devtools/shared/network-observer/NetworkUtils.sys.mjs", 91))
Handler function threw an exception: TypeError: httpActivity.owner is null
Stack: #sendRequestBody@resource://devtools/shared/network-observer/NetworkObserver.sys.mjs:1509:7
#dispatchActivity@resource://devtools/shared/network-observer/NetworkObserver.sys.mjs:534:30
@resource://devtools/shared/network-observer/NetworkObserver.sys.mjs:646:29
makeInfallible/<@resource://devtools/shared/DevToolsInfaillibleUtils.sys.mjs:43:22
Line: 1509, column: 7
console.error: (new TypeError("httpActivity.owner is null", "resource://devtools/shared/network-observer/NetworkObserver.sys.mjs", 1509))
Handler function threw an exception: TypeError: httpActivity.owner is null
Stack: #onResponseHeader@resource://devtools/shared/network-observer/NetworkObserver.sys.mjs:1043:5
#dispatchActivity@resource://devtools/shared/network-observer/NetworkObserver.sys.mjs:537:31
@resource://devtools/shared/network-observer/NetworkObserver.sys.mjs:646:29
makeInfallible/<@resource://devtools/shared/DevToolsInfaillibleUtils.sys.mjs:43:22
Line: 1043, column: 5
console.error: (new TypeError("httpActivity.owner is null", "resource://devtools/shared/network-observer/NetworkObserver.sys.mjs", 1043))
Handler function threw an exception: TypeError: browsingContext.currentWindowGlobal is null
Stack: isChannelFromSystemPrincipal@resource://devtools/shared/network-observer/NetworkUtils.sys.mjs:91:1
createNetworkEvent@resource://devtools/shared/network-observer/NetworkUtils.sys.mjs:179:33
#createNetworkEvent@resource://devtools/shared/network-observer/NetworkObserver.sys.mjs:696:37
@resource://devtools/shared/network-observer/NetworkObserver.sys.mjs:327:33
makeInfallible/<@resource://devtools/shared/DevToolsInfaillibleUtils.sys.mjs:43:22
Line: 91, column: 1
console.error: (new TypeError("browsingContext.currentWindowGlobal is null", "resource://devtools/shared/network-observer/NetworkUtils.sys.mjs", 91))
console.error: "Unable to find target with innerWindowId:53687091201"
JavaScript warning: https://ca.classistatic.com/service-static/frontend-service/2.f4c5731f.js, line 1: unreachable code after return statement
JavaScript warning: https://ca.classistatic.com/service-static/frontend-service/2.f4c5731f.js, line 1: unreachable code after return statement
console.warn: "Listener for event 'frame' did not return a promise."
console.warn: "Listener for event 'frame' did not return a promise."
console.warn: "Listener for event 'frame' did not return a promise."
console.warn: "Listener for event 'frame' did not return a promise."
console.warn: "Listener for event 'frame' did not return a promise."
console.warn: "Listener for event 'frame' did not return a promise."
console.warn: "Listener for event 'frame' did not return a promise."
console.warn: "Listener for event 'frame' did not return a promise."
console.warn: "Listener for event 'frame' did not return a promise."
console.warn: "Listener for event 'frame' did not return a promise."
JavaScript warning: https://pagead2.googlesyndication.com/bg/lLwpSR5MnyGzOFtGAuW1fc1OQlo0k-g4ASkZp7pYH4M.js line 2 > eval line 869 > eval line 1 > eval line 1 > eval, line 1: WEBGL_debug_renderer_info is deprecated in Firefox and will be removed. Please use RENDERER.
console.warn: "Listener for event 'frame' did not return a promise."
console.warn: "Listener for event 'frame' did not return a promise."
console.warn: "Listener for event 'frame' did not return a promise."
console.warn: "Listener for event 'frame' did not return a promise."
console.warn: "Listener for event 'frame' did not return a promise."
console.warn: "Listener for event 'frame' did not return a promise."
console.warn: "Listener for event 'frame' did not return a promise."
console.warn: "Listener for event 'frame' did not return a promise."
console.warn: LoginRecipes: "Falling back to a synchronous message for: https://www.kijiji.ca."
console.warn: "Listener for event 'frame' did not return a promise."
console.warn: "Listener for event 'frame' did not return a promise."
console.warn: "Listener for event 'frame' did not return a promise."
console.error: "Task cancelled"
console.error: (new TypeError("currentNode is null", "resource://devtools/client/inspector/shared/style-change-tracker.js", 66))
TypeError: currentNode is null: canMutationImpactCurrentStyles@resource://devtools/client/inspector/shared/style-change-tracker.js:66:20
onMutations@resource://devtools/client/inspector/shared/style-change-tracker.js:84:41
_emit@resource://devtools/shared/event-emitter.js:242:32
emit@resource://devtools/shared/event-emitter.js:186:18
emit@resource://devtools/shared/event-emitter.js:330:18
getMutations@resource://devtools/client/fronts/walker.js:313:10

JavaScript error: resource://devtools/client/netmonitor/src/connector/firefox-data-provider.js, line 641: Error: Error while calling method getEventTimings: No such actor for ID: server0.conn0.netEvent11861
JavaScript error: resource://devtools/client/netmonitor/src/connector/firefox-data-provider.js, line 641: Error: Error while calling method getEventTimings: No such actor for ID: server0.conn0.netEvent11861
JavaScript error: resource://devtools/client/netmonitor/src/connector/firefox-data-provider.js, line 641: Error: Error while calling method getEventTimings: No such actor for ID: server0.conn0.netEvent11861
console.error: "Unable to find target with innerWindowId:79456894977"
console.error: "Unable to find target with innerWindowId:53687091202"
console.error: "Unable to find target with innerWindowId:53687091202"
console.error: "Unable to find target with innerWindowId:53687091202"
console.error: "Unable to find target with innerWindowId:53687091202"
console.error: "Unable to find target with innerWindowId:79456894977"
console.error: "Unable to find target with innerWindowId:79456894977"
console.error: "Unable to find target with innerWindowId:70866960385"
console.error: "Unable to find target with innerWindowId:53687091202"
console.error: "Unable to find target with innerWindowId:79456894977"
console.error: "Unable to find target with innerWindowId:79456894977"
console.error: "Unable to find target with innerWindowId:79456894977"
console.error: "Unable to find target with innerWindowId:79456894977"
console.error: "Unable to find target with innerWindowId:79456894977"
console.error: "Unable to find target with innerWindowId:79456894977"
console.error: "Unable to find target with innerWindowId:79456894977"
console.error: "Unable to find target with innerWindowId:53687091202"
Handler function threw an exception: TypeError: browsingContext.currentWindowGlobal is null
Stack: isChannelFromSystemPrincipal@resource://devtools/shared/network-observer/NetworkUtils.sys.mjs:91:1
createNetworkEvent@resource://devtools/shared/network-observer/NetworkUtils.sys.mjs:179:33
#createNetworkEvent@resource://devtools/shared/network-observer/NetworkObserver.sys.mjs:696:37
@resource://devtools/shared/network-observer/NetworkObserver.sys.mjs:327:33
makeInfallible/<@resource://devtools/shared/DevToolsInfaillibleUtils.sys.mjs:43:22
Line: 91, column: 1
console.error: (new TypeError("browsingContext.currentWindowGlobal is null", "resource://devtools/shared/network-observer/NetworkUtils.sys.mjs", 91))
[Parent 27376, IPC I/O Parent] WARNING: DuplicateHandle failed for handle 0 in TransferHandles: file /builds/worker/checkouts/gecko/ipc/chromium/src/chrome/common/ipc_channel_win.cc:777
Handler function threw an exception: TypeError: browsingContext.currentWindowGlobal is null
Stack: isChannelFromSystemPrincipal@resource://devtools/shared/network-observer/NetworkUtils.sys.mjs:91:1
createNetworkEvent@resource://devtools/shared/network-observer/NetworkUtils.sys.mjs:179:33
#createNetworkEvent@resource://devtools/shared/network-observer/NetworkObserver.sys.mjs:696:37
@resource://devtools/shared/network-observer/NetworkObserver.sys.mjs:327:33
makeInfallible/<@resource://devtools/shared/DevToolsInfaillibleUtils.sys.mjs:43:22
Line: 91, column: 1
console.error: (new TypeError("browsingContext.currentWindowGlobal is null", "resource://devtools/shared/network-observer/NetworkUtils.sys.mjs", 91))
console.error: "Unable to find target with innerWindowId:53687091202"
console.error: "Unable to find target with innerWindowId:53687091202"
JavaScript warning: https://ca.classistatic.com/service-static/frontend-service/2.f4c5731f.js, line 1: unreachable code after return statement
console.error: "Task cancelled"
JavaScript warning: https://ca.classistatic.com/service-static/frontend-service/2.f4c5731f.js, line 1: unreachable code after return statement
console.error: "Unable to find target with innerWindowId:53687091202"
console.error: "Unable to find target with innerWindowId:53687091202"
JavaScript error: resource://devtools/client/netmonitor/src/connector/firefox-data-provider.js, line 641: Error: Error while calling method getEventTimings: No such actor for ID: server0.conn0.netEvent20921
JavaScript error: resource://devtools/client/netmonitor/src/connector/firefox-data-provider.js, line 641: Error: Error while calling method getEventTimings: No such actor for ID: server0.conn0.netEvent20942
JavaScript error: resource://devtools/client/netmonitor/src/connector/firefox-data-provider.js, line 641: Error: Error while calling method getEventTimings: No such actor for ID: server0.conn0.netEvent20960
JavaScript error: resource://devtools/client/netmonitor/src/connector/firefox-data-provider.js, line 641: Error: Error while calling method getEventTimings: No such actor for ID: server0.conn0.netEvent20979
JavaScript error: resource://devtools/client/netmonitor/src/connector/firefox-data-provider.js, line 641: Error: Error while calling method getEventTimings: No such actor for ID: server0.conn0.netEvent20997
JavaScript error: resource://devtools/client/netmonitor/src/connector/firefox-data-provider.js, line 641: Error: Error while calling method getEventTimings: No such actor for ID: server0.conn0.netEvent21015
JavaScript error: resource://devtools/client/netmonitor/src/connector/firefox-data-provider.js, line 641: Error: Error while calling method getEventTimings: No such actor for ID: server0.conn0.netEvent21033
JavaScript error: resource://devtools/client/netmonitor/src/connector/firefox-data-provider.js, line 641: Error: Error while calling method getEventTimings: No such actor for ID: server0.conn0.netEvent21051
JavaScript error: resource://devtools/client/netmonitor/src/connector/firefox-data-provider.js, line 641: Error: Error while calling method getEventTimings: No such actor for ID: server0.conn0.netEvent21069
JavaScript error: resource://devtools/client/netmonitor/src/connector/firefox-data-provider.js, line 641: Error: Error while calling method getEventTimings: No such actor for ID: server0.conn0.netEvent21087
JavaScript error: resource://devtools/client/netmonitor/src/connector/firefox-data-provider.js, line 641: Error: Error while calling method getEventTimings: No such actor for ID: server0.conn0.netEvent21106
JavaScript error: resource://devtools/client/netmonitor/src/connector/firefox-data-provider.js, line 641: Error: Error while calling method getEventTimings: No such actor for ID: server0.conn0.netEvent21151
JavaScript error: resource://devtools/client/netmonitor/src/connector/firefox-data-provider.js, line 641: Error: Error while calling method getEventTimings: No such actor for ID: server0.conn0.netEvent21171
JavaScript error: resource://devtools/client/netmonitor/src/connector/firefox-data-provider.js, line 641: Error: Error while calling method getEventTimings: No such actor for ID: server0.conn0.netEvent21192
JavaScript error: resource://devtools/client/netmonitor/src/connector/firefox-data-provider.js, line 641: Error: Error while calling method getEventTimings: No such actor for ID: server0.conn0.netEvent21217
JavaScript error: resource://devtools/client/netmonitor/src/connector/firefox-data-provider.js, line 641: Error: Error while calling method getEventTimings: No such actor for ID: server0.conn0.netEvent21241
JavaScript error: resource://devtools/client/netmonitor/src/connector/firefox-data-provider.js, line 641: Error: Error while calling method getEventTimings: No such actor for ID: server0.conn0.netEvent21265
JavaScript error: resource://devtools/client/netmonitor/src/connector/firefox-data-provider.js, line 641: Error: Error while calling method getEventTimings: No such actor for ID: server0.conn0.netEvent21289
JavaScript error: resource://devtools/client/netmonitor/src/connector/firefox-data-provider.js, line 641: Error: Error while calling method getEventTimings: No such actor for ID: server0.conn0.netEvent21313
JavaScript error: resource://devtools/client/netmonitor/src/connector/firefox-data-provider.js, line 641: Error: Error while calling method getEventTimings: No such actor for ID: server0.conn0.netEvent21337
console.error: "Error when attaching target:" (new Error("Connection closed, pending request to server0.conn0.windowGlobal53687091241/thread1, type isAttached failed\n\nRequest stack:\nrequest@resource://devtools/shared/protocol/Front.js:300:14\ngenerateRequestMethods/</frontProto[name]@resource://devtools/shared/protocol/Front/FrontClassWithSpec.js:47:19\nattachThread@resource://devtools/client/fronts/targets/target-mixin.js:447:49\n", "resource://devtools/shared/protocol/Front.js", 106))
console.error: (new Error("Connection closed, pending request to server0.conn0.windowGlobal53687091233/domwalker283, type querySelector failed\n\nRequest stack:\nrequest@resource://devtools/shared/protocol/Front.js:300:14\ngenerateRequestMethods/</frontProto[name]@resource://devtools/shared/protocol/Front/FrontClassWithSpec.js:47:19\nquerySelector@resource://devtools/client/fronts/walker.js:147:34\n_getDefaultNodeForSelection/defaultNodeSelectors<@resource://devtools/client/inspector/inspector.js:604:20\n_getDefaultNodeForSelection@resource://devtools/client/inspector/inspector.js:611:26\n", "resource://devtools/shared/protocol/Front.js", 106))
console.warn: "Error while destroying front:" "accessibility" (new Error("Connection closed, pending request to server0.conn0.windowGlobal53687091233/accessibilityActor12, type bootstrap failed\n\nRequest stack:\nrequest@resource://devtools/shared/protocol/Front.js:300:14\ngenerateRequestMethods/</frontProto[name]@resource://devtools/shared/protocol/Front/FrontClassWithSpec.js:47:19\ninitialize@resource://devtools/client/fronts/accessibility.js:522:37\n", "resource://devtools/shared/protocol/Front.js", 106))
JavaScript error: resource://devtools/shared/protocol/Front.js, line 106: Error: Connection closed, pending request to server0.conn0.windowGlobal53687091233/accessibilityActor12, type bootstrap failed

Request stack:
request@resource://devtools/shared/protocol/Front.js:300:14
generateRequestMethods/</frontProto[name]@resource://devtools/shared/protocol/Front/FrontClassWithSpec.js:47:19
initialize@resource://devtools/client/fronts/accessibility.js:522:37

console.error: "Unable to find target with innerWindowId:53687091233"
console.error: "Unable to find target with innerWindowId:53687091233"
JavaScript error: resource://devtools/client/netmonitor/src/connector/firefox-data-provider.js, line 641: Error: Error while calling method getEventTimings: No such actor for ID: server0.conn0.netEvent21620
JavaScript warning: https://www.kijiji.ca/t-login.html?targetUrl=L2Itb250YXJpby9sOTAwND9kYz10cnVlXjFmMFJuMGtQV3JBazhjUGVvT1J6MHc9PQ--, line 1: WEBGL_debug_renderer_info is deprecated in Firefox and will be removed. Please use RENDERER.
console.error: "Unable to find target with innerWindowId:53687091233"
console.error: "Unable to find target with innerWindowId:53687091233"
console.error: "Unable to find target with innerWindowId:53687091233"
console.error: "Unable to find target with innerWindowId:53687091233"
console.error: "Unable to find target with innerWindowId:53687091233"
console.error: "Unable to find target with innerWindowId:53687091242"
JavaScript warning: https://www.kijiji.ca/t-login.html?targetUrl=L2Itb250YXJpby9sOTAwND9kYz10cnVlXjFmMFJuMGtQV3JBazhjUGVvT1J6MHc9PQ, line 1: WEBGL_debug_renderer_info is deprecated in Firefox and will be removed. Please use RENDERER.
JavaScript error: resource://gre/modules/AsyncShutdown.sys.mjs, line 576: NotFoundError: No such JSWindowActor 'DevToolsFrame'
1680880920387	Marionette	INFO	Stopped listening on port 61491
Dynamically enable window occlusion 1
